<?xml version="1.0" encoding="UTF-8"?>
<coverage generated="1787255468890" clover="3.2.0">
  <project timestamp="1787255468890" name="All files">
    <metrics statements="363" coveredstatements="329" conditionals="151" coveredconditionals="127" methods="116" coveredmethods="99" elements="630" coveredelements="555" complexity="0" loc="363" ncloc="363" packages="3" files="21" classes="21"/>
    <package name="src">
      <metrics statements="205" coveredstatements="190" conditionals="77" coveredconditionals="69" methods="72" coveredmethods="59"/>
      <file name="CONFIGURATION.ts" path="/home/runner/work/flocking/flocking/src/CONFIGURATION.ts">
        <metrics statements="10" coveredstatements="10" conditionals="0" coveredconditionals="0" methods="0" coveredmethods="0"/>
        <line num="1" count="11" type="stmt"/>
        <line num="2" count="11" type="stmt"/>
        <line num="3" count="11" type="stmt"/>
        <line num="6" count="11" type="stmt"/>
        <line num="9" count="11" type="stmt"/>
        <line num="11" count="11" type="stmt"/>
        <line num="12" count="11" type="stmt"/>
        <line num="13" count="11" type="stmt"/>
        <line num="16" count="11" type="stmt"/>
        <line num="18" count="11" type="stmt"/>
      </file>
      <file name="cell.ts" path="/home/runner/work/flocking/flocking/src/cell.ts">
        <metrics statements="36" coveredstatements="33" conditionals="14" coveredconditionals="12" methods="9" coveredmethods="8"/>
        <line num="18" count="11" type="stmt"/>
        <line num="23" count="11" type="stmt"/>
        <line num="26" count="2721" type="stmt"/>
        <line num="40" count="2721" type="stmt"/>
        <line num="57" count="2534" type="stmt"/>
        <line num="66" count="67" type="stmt"/>
        <line num="67" count="67" type="stmt"/>
        <line num="71" count="11" type="stmt"/>
        <line num="72" count="11" type="stmt"/>
        <line num="76" count="243452" type="stmt"/>
        <line num="89" count="8" type="stmt"/>
        <line num="90" count="8" type="stmt"/>
        <line num="92" count="8" type="stmt"/>
        <line num="94" count="8" type="cond" truecount="2" falsecount="0"/>
        <line num="95" count="1" type="stmt"/>
        <line num="97" count="8" type="cond" truecount="1" falsecount="1"/>
        <line num="98" count="0" type="stmt"/>
        <line num="101" count="8" type="cond" truecount="2" falsecount="0"/>
        <line num="102" count="1" type="stmt"/>
        <line num="104" count="8" type="cond" truecount="1" falsecount="1"/>
        <line num="105" count="0" type="stmt"/>
        <line num="115" count="10" type="stmt"/>
        <line num="117" count="10" type="stmt"/>
        <line num="118" count="10" type="stmt"/>
        <line num="120" count="10" type="stmt"/>
        <line num="121" count="10" type="stmt"/>
        <line num="125" count="10" type="stmt"/>
        <line num="126" count="10" type="stmt"/>
        <line num="128" count="10" type="stmt"/>
        <line num="130" count="10" type="stmt"/>
        <line num="132" count="10" type="stmt"/>
        <line num="133" count="10" type="stmt"/>
        <line num="134" count="10" type="stmt"/>
        <line num="135" count="10" type="stmt"/>
        <line num="137" count="10" type="stmt"/>
        <line num="141" count="0" type="stmt"/>
      </file>
      <file name="color.ts" path="/home/runner/work/flocking/flocking/src/color.ts">
        <metrics statements="15" coveredstatements="13" conditionals="6" coveredconditionals="3" methods="5" coveredmethods="4"/>
        <line num="6" count="0" type="stmt"/>
        <line num="15" count="10" type="stmt"/>
        <line num="16" count="10" type="stmt"/>
        <line num="17" count="10" type="stmt"/>
        <line num="18" count="10" type="stmt"/>
        <line num="19" count="10" type="stmt"/>
        <line num="23" count="10" type="stmt"/>
        <line num="25" count="10" type="cond" truecount="1" falsecount="1"/>
        <line num="26" count="0" type="stmt"/>
        <line num="29" count="10" type="stmt"/>
        <line num="31" count="10" type="stmt"/>
        <line num="40" count="10" type="stmt"/>
        <line num="41" count="10" type="stmt"/>
        <line num="45" count="40" type="stmt"/>
        <line num="46" count="40" type="cond" truecount="1" falsecount="1"/>
      </file>
      <file name="debug.ts" path="/home/runner/work/flocking/flocking/src/debug.ts">
        <metrics statements="53" coveredstatements="53" conditionals="12" coveredconditionals="12" methods="13" coveredmethods="13"/>
        <line num="18" count="10" type="stmt"/>
        <line num="19" count="10" type="stmt"/>
        <line num="20" count="10" type="stmt"/>
        <line num="21" count="10" type="stmt"/>
        <line num="22" count="10" type="stmt"/>
        <line num="25" count="10" type="stmt"/>
        <line num="27" count="10" type="stmt"/>
        <line num="28" count="10" type="stmt"/>
        <line num="29" count="10" type="stmt"/>
        <line num="30" count="10" type="stmt"/>
        <line num="34" count="110" type="stmt"/>
        <line num="36" count="110" type="stmt"/>
        <line num="38" count="119" type="stmt"/>
        <line num="39" count="119" type="cond" truecount="2" falsecount="0"/>
        <line num="42" count="10" type="cond" truecount="2" falsecount="0"/>
        <line num="43" count="40" type="stmt"/>
        <line num="51" count="1" type="stmt"/>
        <line num="52" count="1" type="stmt"/>
        <line num="54" count="1" type="stmt"/>
        <line num="57" count="11" type="cond" truecount="2" falsecount="0"/>
        <line num="58" count="11" type="stmt"/>
        <line num="61" count="3" type="cond" truecount="2" falsecount="0"/>
        <line num="67" count="5" type="cond" truecount="2" falsecount="0"/>
        <line num="69" count="5" type="stmt"/>
        <line num="70" count="4" type="stmt"/>
        <line num="75" count="2" type="stmt"/>
        <line num="89" count="1" type="stmt"/>
        <line num="90" count="1" type="stmt"/>
        <line num="91" count="1" type="stmt"/>
        <line num="93" count="1" type="stmt"/>
        <line num="94" count="21" type="stmt"/>
        <line num="97" count="1" type="stmt"/>
        <line num="104" count="1" type="stmt"/>
        <line num="105" count="1" type="stmt"/>
        <line num="107" count="1" type="stmt"/>
        <line num="109" count="1" type="stmt"/>
        <line num="110" count="1" type="stmt"/>
        <line num="111" count="1" type="stmt"/>
        <line num="112" count="1" type="stmt"/>
        <line num="113" count="1" type="stmt"/>
        <line num="115" count="1" type="stmt"/>
        <line num="116" count="1" type="stmt"/>
        <line num="118" count="1" type="stmt"/>
        <line num="119" count="1" type="stmt"/>
        <line num="121" count="1" type="stmt"/>
        <line num="122" count="4" type="stmt"/>
        <line num="124" count="4" type="stmt"/>
        <line num="125" count="4" type="stmt"/>
        <line num="126" count="4" type="stmt"/>
        <line num="129" count="4" type="stmt"/>
        <line num="130" count="4" type="stmt"/>
        <line num="131" count="4" type="stmt"/>
        <line num="134" count="1" type="stmt"/>
      </file>
      <file name="math.ts" path="/home/runner/work/flocking/flocking/src/math.ts">
        <metrics statements="0" coveredstatements="0" conditionals="0" coveredconditionals="0" methods="0" coveredmethods="0"/>
      </file>
      <file name="simulation.ts" path="/home/runner/work/flocking/flocking/src/simulation.ts">
        <metrics statements="23" coveredstatements="21" conditionals="6" coveredconditionals="5" methods="10" coveredmethods="10"/>
        <line num="32" count="108" type="stmt"/>
        <line num="37" count="108" type="stmt"/>
        <line num="38" count="108" type="stmt"/>
        <line num="42" count="108" type="stmt"/>
        <line num="44" count="108" type="stmt"/>
        <line num="46" count="63" type="stmt"/>
        <line num="51" count="106" type="stmt"/>
        <line num="53" count="106" type="stmt"/>
        <line num="55" count="106" type="stmt"/>
        <line num="56" count="2520" type="stmt"/>
        <line num="57" count="2529" type="stmt"/>
        <line num="58" count="2520" type="stmt"/>
        <line num="61" count="106" type="stmt"/>
        <line num="66" count="1" type="stmt"/>
        <line num="67" count="1" type="stmt"/>
        <line num="68" count="1" type="stmt"/>
        <line num="69" count="1" type="stmt"/>
        <line num="71" count="1" type="cond" truecount="1" falsecount="1"/>
        <line num="75" count="0" type="stmt"/>
        <line num="76" count="0" type="stmt"/>
        <line num="81" count="3" type="stmt"/>
        <line num="94" count="2480" type="stmt"/>
        <line num="96" count="104294" type="cond" truecount="2" falsecount="0"/>
      </file>
      <file name="spatial.ts" path="/home/runner/work/flocking/flocking/src/spatial.ts">
        <metrics statements="22" coveredstatements="22" conditionals="18" coveredconditionals="18" methods="6" coveredmethods="5"/>
        <line num="19" count="10" type="stmt"/>
        <line num="20" count="10" type="stmt"/>
        <line num="23" count="223" type="cond" truecount="2" falsecount="0"/>
        <line num="24" count="1" type="stmt"/>
        <line num="31" count="222" type="cond" truecount="2" falsecount="0"/>
        <line num="32" count="223" type="cond" truecount="2" falsecount="0"/>
        <line num="33" count="223" type="cond" truecount="2" falsecount="0"/>
        <line num="34" count="223" type="cond" truecount="2" falsecount="0"/>
        <line num="36" count="223" type="stmt"/>
        <line num="37" count="5128" type="cond" truecount="2" falsecount="0"/>
        <line num="38" count="5128" type="cond" truecount="2" falsecount="0"/>
        <line num="39" count="5128" type="cond" truecount="2" falsecount="0"/>
        <line num="40" count="5128" type="cond" truecount="2" falsecount="0"/>
        <line num="45" count="222" type="stmt"/>
        <line num="47" count="222" type="stmt"/>
        <line num="54" count="222" type="stmt"/>
        <line num="56" count="5128" type="stmt"/>
        <line num="64" count="5128" type="stmt"/>
        <line num="67" count="222" type="stmt"/>
        <line num="69" count="10" type="stmt"/>
        <line num="73" count="2481" type="stmt"/>
        <line num="80" count="104295" type="stmt"/>
      </file>
      <file name="user.ts" path="/home/runner/work/flocking/flocking/src/user.ts">
        <metrics statements="25" coveredstatements="20" conditionals="9" coveredconditionals="7" methods="9" coveredmethods="4"/>
        <line num="1" count="1" type="stmt"/>
        <line num="2" count="1" type="stmt"/>
        <line num="5" count="1" type="stmt"/>
        <line num="6" count="1" type="stmt"/>
        <line num="7" count="1" type="stmt"/>
        <line num="8" count="1" type="stmt"/>
        <line num="9" count="1" type="stmt"/>
        <line num="10" count="1" type="stmt"/>
        <line num="11" count="1" type="stmt"/>
        <line num="15" count="0" type="stmt"/>
        <line num="17" count="0" type="cond" truecount="0" falsecount="2"/>
        <line num="18" count="0" type="stmt"/>
        <line num="19" count="0" type="stmt"/>
        <line num="25" count="1" type="stmt"/>
        <line num="26" count="1" type="stmt"/>
        <line num="30" count="1" type="stmt"/>
        <line num="33" count="1" type="stmt"/>
        <line num="37" count="7" type="cond" truecount="3" falsecount="0"/>
        <line num="38" count="7" type="cond" truecount="4" falsecount="0"/>
        <line num="40" count="7" type="stmt"/>
        <line num="42" count="7" type="stmt"/>
        <line num="45" count="1" type="stmt"/>
        <line num="46" count="0" type="stmt"/>
        <line num="50" count="1" type="stmt"/>
        <line num="53" count="1" type="stmt"/>
      </file>
      <file name="vector.ts" path="/home/runner/work/flocking/flocking/src/vector.ts">
        <metrics statements="21" coveredstatements="18" conditionals="12" coveredconditionals="12" methods="20" coveredmethods="15"/>
        <line num="7" count="11010" type="stmt"/>
        <line num="11" count="156" type="cond" truecount="2" falsecount="0"/>
        <line num="15" count="243581" type="stmt"/>
        <line num="19" count="108" type="cond" truecount="2" falsecount="0"/>
        <line num="20" count="6" type="stmt"/>
        <line num="23" count="102" type="stmt"/>
        <line num="24" count="204" type="stmt"/>
        <line num="28" count="86" type="stmt"/>
        <line num="32" count="76" type="stmt"/>
        <line num="36" count="19" type="stmt"/>
        <line num="37" count="19" type="cond" truecount="2" falsecount="0"/>
        <line num="41" count="136" type="stmt"/>
        <line num="45" count="0" type="stmt"/>
        <line num="46" count="0" type="stmt"/>
        <line num="51" count="487078" type="stmt"/>
        <line num="55" count="284" type="stmt"/>
        <line num="63" count="243881" type="stmt"/>
        <line num="64" count="243881" type="stmt"/>
        <line num="66" count="243881" type="cond" truecount="4" falsecount="0"/>
        <line num="67" count="243851" type="stmt"/>
        <line num="72" count="0" type="stmt"/>
      </file>
    </package>
    <package name="src.behaviors">
      <metrics statements="114" coveredstatements="107" conditionals="39" coveredconditionals="33" methods="29" coveredmethods="27"/>
      <file name="attractor.ts" path="/home/runner/work/flocking/flocking/src/behaviors/attractor.ts">
        <metrics statements="1" coveredstatements="1" conditionals="0" coveredconditionals="0" methods="2" coveredmethods="2"/>
        <line num="6" count="4" type="stmt"/>
      </file>
      <file name="bounceOnCorners.ts" path="/home/runner/work/flocking/flocking/src/behaviors/bounceOnCorners.ts">
        <metrics statements="12" coveredstatements="12" conditionals="8" coveredconditionals="8" methods="1" coveredmethods="1"/>
        <line num="5" count="4" type="cond" truecount="2" falsecount="0"/>
        <line num="6" count="2" type="stmt"/>
        <line num="7" count="2" type="stmt"/>
        <line num="10" count="4" type="cond" truecount="2" falsecount="0"/>
        <line num="11" count="2" type="stmt"/>
        <line num="12" count="2" type="stmt"/>
        <line num="15" count="4" type="cond" truecount="2" falsecount="0"/>
        <line num="16" count="2" type="stmt"/>
        <line num="17" count="2" type="stmt"/>
        <line num="20" count="4" type="cond" truecount="2" falsecount="0"/>
        <line num="21" count="2" type="stmt"/>
        <line num="22" count="2" type="stmt"/>
      </file>
      <file name="flocking.ts" path="/home/runner/work/flocking/flocking/src/behaviors/flocking.ts">
        <metrics statements="27" coveredstatements="24" conditionals="4" coveredconditionals="2" methods="10" coveredmethods="9"/>
        <line num="20" count="1" type="stmt"/>
        <line num="21" count="1" type="stmt"/>
        <line num="22" count="1" type="stmt"/>
        <line num="23" count="1" type="stmt"/>
        <line num="26" count="0" type="stmt"/>
        <line num="34" count="12" type="stmt"/>
        <line num="35" count="12" type="stmt"/>
        <line num="36" count="12" type="stmt"/>
        <line num="37" count="12" type="stmt"/>
        <line num="41" count="8" type="stmt"/>
        <line num="42" count="8" type="stmt"/>
        <line num="43" count="8" type="stmt"/>
        <line num="44" count="8" type="stmt"/>
        <line num="48" count="8" type="stmt"/>
        <line num="49" count="8" type="stmt"/>
        <line num="51" count="8" type="cond" truecount="1" falsecount="1"/>
        <line num="52" count="0" type="stmt"/>
        <line num="55" count="8" type="stmt"/>
        <line num="56" count="8" type="stmt"/>
        <line num="57" count="8" type="stmt"/>
        <line num="58" count="8" type="stmt"/>
        <line num="64" count="4" type="stmt"/>
        <line num="65" count="28" type="stmt"/>
        <line num="67" count="28" type="cond" truecount="1" falsecount="1"/>
        <line num="68" count="0" type="stmt"/>
        <line num="71" count="28" type="stmt"/>
        <line num="72" count="28" type="stmt"/>
      </file>
      <file name="flocking2.ts" path="/home/runner/work/flocking/flocking/src/behaviors/flocking2.ts">
        <metrics statements="40" coveredstatements="36" conditionals="6" coveredconditionals="3" methods="9" coveredmethods="8"/>
        <line num="23" count="1" type="stmt"/>
        <line num="24" count="1" type="stmt"/>
        <line num="25" count="1" type="stmt"/>
        <line num="26" count="1" type="stmt"/>
        <line num="29" count="0" type="stmt"/>
        <line num="37" count="12" type="stmt"/>
        <line num="38" count="12" type="stmt"/>
        <line num="42" count="12" type="stmt"/>
        <line num="43" count="12" type="stmt"/>
        <line num="44" count="12" type="stmt"/>
        <line num="45" count="12" type="stmt"/>
        <line num="49" count="8" type="stmt"/>
        <line num="50" count="8" type="stmt"/>
        <line num="54" count="8" type="stmt"/>
        <line num="55" count="8" type="stmt"/>
        <line num="56" count="8" type="stmt"/>
        <line num="57" count="8" type="stmt"/>
        <line num="61" count="8" type="stmt"/>
        <line num="62" count="8" type="stmt"/>
        <line num="64" count="8" type="stmt"/>
        <line num="65" count="8" type="stmt"/>
        <line num="66" count="8" type="stmt"/>
        <line num="68" count="8" type="cond" truecount="1" falsecount="1"/>
        <line num="69" count="0" type="stmt"/>
        <line num="72" count="8" type="stmt"/>
        <line num="73" count="8" type="stmt"/>
        <line num="74" count="8" type="stmt"/>
        <line num="75" count="8" type="stmt"/>
        <line num="76" count="8" type="stmt"/>
        <line num="79" count="8" type="cond" truecount="1" falsecount="1"/>
        <line num="80" count="0" type="stmt"/>
        <line num="83" count="8" type="stmt"/>
        <line num="84" count="8" type="stmt"/>
        <line num="85" count="8" type="stmt"/>
        <line num="91" count="4" type="stmt"/>
        <line num="92" count="28" type="stmt"/>
        <line num="94" count="28" type="cond" truecount="1" falsecount="1"/>
        <line num="95" count="0" type="stmt"/>
        <line num="98" count="28" type="stmt"/>
        <line num="99" count="28" type="stmt"/>
      </file>
      <file name="keyboardControl.ts" path="/home/runner/work/flocking/flocking/src/behaviors/keyboardControl.ts">
        <metrics statements="8" coveredstatements="8" conditionals="9" coveredconditionals="9" methods="3" coveredmethods="3"/>
        <line num="14" count="9" type="stmt"/>
        <line num="15" count="18" type="cond" truecount="2" falsecount="0"/>
        <line num="16" count="10" type="stmt"/>
        <line num="19" count="8" type="stmt"/>
        <line num="24" count="8" type="cond" truecount="2" falsecount="0"/>
        <line num="25" count="1" type="stmt"/>
        <line num="29" count="7" type="stmt"/>
        <line num="34" count="16" type="cond" truecount="4" falsecount="0"/>
      </file>
      <file name="move.ts" path="/home/runner/work/flocking/flocking/src/behaviors/move.ts">
        <metrics statements="7" coveredstatements="7" conditionals="2" coveredconditionals="2" methods="1" coveredmethods="1"/>
        <line num="6" count="16" type="cond" truecount="2" falsecount="0"/>
        <line num="7" count="4" type="stmt"/>
        <line num="8" count="4" type="stmt"/>
        <line num="10" count="4" type="stmt"/>
        <line num="11" count="4" type="stmt"/>
        <line num="14" count="16" type="stmt"/>
        <line num="15" count="16" type="stmt"/>
      </file>
      <file name="roundMap.ts" path="/home/runner/work/flocking/flocking/src/behaviors/roundMap.ts">
        <metrics statements="8" coveredstatements="8" conditionals="8" coveredconditionals="8" methods="1" coveredmethods="1"/>
        <line num="5" count="6" type="cond" truecount="2" falsecount="0"/>
        <line num="6" count="2" type="stmt"/>
        <line num="9" count="6" type="cond" truecount="2" falsecount="0"/>
        <line num="10" count="2" type="stmt"/>
        <line num="13" count="6" type="cond" truecount="2" falsecount="0"/>
        <line num="14" count="2" type="stmt"/>
        <line num="17" count="6" type="cond" truecount="2" falsecount="0"/>
        <line num="18" count="2" type="stmt"/>
      </file>
      <file name="solidBody.ts" path="/home/runner/work/flocking/flocking/src/behaviors/solidBody.ts">
        <metrics statements="11" coveredstatements="11" conditionals="2" coveredconditionals="1" methods="2" coveredmethods="2"/>
        <line num="11" count="22" type="stmt"/>
        <line num="13" count="22" type="stmt"/>
        <line num="14" count="22" type="stmt"/>
        <line num="15" count="22" type="stmt"/>
        <line num="16" count="22" type="stmt"/>
        <line num="18" count="22" type="cond" truecount="1" falsecount="1"/>
        <line num="19" count="22" type="stmt"/>
        <line num="25" count="22" type="stmt"/>
        <line num="33" count="22" type="stmt"/>
        <line num="34" count="22" type="stmt"/>
        <line num="39" count="22" type="stmt"/>
      </file>
    </package>
    <package name="test">
      <metrics statements="44" coveredstatements="32" conditionals="35" coveredconditionals="25" methods="15" coveredmethods="13"/>
      <file name="assert.ts" path="/home/runner/work/flocking/flocking/test/assert.ts">
        <metrics statements="19" coveredstatements="17" conditionals="22" coveredconditionals="16" methods="8" coveredmethods="7"/>
        <line num="6" count="0" type="cond" truecount="0" falsecount="2"/>
        <line num="7" count="0" type="stmt"/>
        <line num="12" count="2662" type="cond" truecount="1" falsecount="1"/>
        <line num="16" count="60" type="stmt"/>
        <line num="21" count="2506" type="cond" truecount="2" falsecount="0"/>
        <line num="25" count="8" type="cond" truecount="2" falsecount="0"/>
        <line num="34" count="10" type="stmt"/>
        <line num="41" count="42" type="cond" truecount="2" falsecount="0"/>
        <line num="42" count="16" type="cond" truecount="5" falsecount="1"/>
        <line num="43" count="16" type="cond" truecount="1" falsecount="1"/>
        <line num="45" count="16" type="stmt"/>
        <line num="46" count="16" type="cond" truecount="1" falsecount="1"/>
        <line num="48" count="16" type="stmt"/>
        <line num="49" count="32" type="stmt"/>
        <line num="53" count="11" type="stmt"/>
        <line num="54" count="11" type="stmt"/>
        <line num="55" count="11" type="stmt"/>
        <line num="56" count="11" type="stmt"/>
        <line num="57" count="11" type="stmt"/>
      </file>
      <file name="assertions.ts" path="/home/runner/work/flocking/flocking/test/assertions.ts">
        <metrics statements="16" coveredstatements="6" conditionals="6" coveredconditionals="2" methods="2" coveredmethods="1"/>
        <line num="9" count="0" type="stmt"/>
        <line num="10" count="0" type="stmt"/>
        <line num="11" count="0" type="stmt"/>
        <line num="13" count="0" type="cond" truecount="0" falsecount="2"/>
        <line num="14" count="0" type="stmt"/>
        <line num="15" count="0" type="stmt"/>
        <line num="18" count="0" type="stmt"/>
        <line num="19" count="0" type="stmt"/>
        <line num="28" count="32" type="stmt"/>
        <line num="29" count="32" type="stmt"/>
        <line num="30" count="32" type="stmt"/>
        <line num="32" count="32" type="cond" truecount="1" falsecount="1"/>
        <line num="33" count="0" type="stmt"/>
        <line num="34" count="0" type="stmt"/>
        <line num="37" count="32" type="stmt"/>
        <line num="38" count="32" type="stmt"/>
      </file>
      <file name="index.ts" path="/home/runner/work/flocking/flocking/test/index.ts">
        <metrics statements="8" coveredstatements="8" conditionals="6" coveredconditionals="6" methods="4" coveredmethods="4"/>
        <line num="7" count="12" type="stmt"/>
        <line num="20" count="45" type="stmt"/>
        <line num="24" count="45" type="cond" truecount="2" falsecount="0"/>
        <line num="25" count="45" type="cond" truecount="2" falsecount="0"/>
        <line num="27" count="45" type="cond" truecount="2" falsecount="0"/>
        <line num="28" count="13" type="stmt"/>
        <line num="29" count="55" type="stmt"/>
        <line num="32" count="32" type="stmt"/>
      </file>
      <file name="test-duplicates.ts" path="/home/runner/work/flocking/flocking/test/test-duplicates.ts">
        <metrics statements="1" coveredstatements="1" conditionals="1" coveredconditionals="1" methods="1" coveredmethods="1"/>
        <line num="5" count="108" type="stmt"/>
      </file>
    </package>
  </project>
</coverage>
