{"/home/runner/work/flocking/flocking/src/CONFIGURATION.ts": {"path":"/home/runner/work/flocking/flocking/src/CONFIGURATION.ts","statementMap":{"0":{"start":{"line":1,"column":30},"end":{"line":1,"column":null}},"1":{"start":{"line":2,"column":25},"end":{"line":2,"column":null}},"2":{"start":{"line":3,"column":25},"end":{"line":3,"column":null}},"3":{"start":{"line":6,"column":37},"end":{"line":6,"column":null}},"4":{"start":{"line":9,"column":34},"end":{"line":9,"column":null}},"5":{"start":{"line":11,"column":42},"end":{"line":11,"column":null}},"6":{"start":{"line":12,"column":40},"end":{"line":12,"column":null}},"7":{"start":{"line":13,"column":42},"end":{"line":13,"column":null}},"8":{"start":{"line":16,"column":48},"end":{"line":16,"column":null}},"9":{"start":{"line":18,"column":48},"end":{"line":18,"column":null}}},"fnMap":{},"branchMap":{},"s":{"0":11,"1":11,"2":11,"3":11,"4":11,"5":11,"6":11,"7":11,"8":11,"9":11},"f":{},"b":{},"meta":{"lastBranch":0,"lastFunction":0,"lastStatement":10,"seen":{"s:1:30:1:Infinity":0,"s:2:25:2:Infinity":1,"s:3:25:3:Infinity":2,"s:6:37:6:Infinity":3,"s:9:34:9:Infinity":4,"s:11:42:11:Infinity":5,"s:12:40:12:Infinity":6,"s:13:42:13:Infinity":7,"s:16:48:16:Infinity":8,"s:18:48:18:Infinity":9},"fnNames":{}}}
,"/home/runner/work/flocking/flocking/src/cell.ts": {"path":"/home/runner/work/flocking/flocking/src/cell.ts","statementMap":{"0":{"start":{"line":18,"column":25},"end":{"line":18,"column":null}},"1":{"start":{"line":23,"column":13},"end":{"line":23,"column":null}},"2":{"start":{"line":26,"column":2},"end":{"line":26,"column":null}},"3":{"start":{"line":40,"column":2},"end":{"line":51,"column":null}},"4":{"start":{"line":57,"column":2},"end":{"line":62,"column":null}},"5":{"start":{"line":66,"column":2},"end":{"line":66,"column":null}},"6":{"start":{"line":67,"column":2},"end":{"line":67,"column":null}},"7":{"start":{"line":71,"column":19},"end":{"line":71,"column":null}},"8":{"start":{"line":72,"column":2},"end":{"line":72,"column":null}},"9":{"start":{"line":76,"column":2},"end":{"line":76,"column":null}},"10":{"start":{"line":89,"column":23},"end":{"line":89,"column":null}},"11":{"start":{"line":90,"column":28},"end":{"line":90,"column":null}},"12":{"start":{"line":92,"column":2},"end":{"line":92,"column":null}},"13":{"start":{"line":94,"column":2},"end":{"line":96,"column":null}},"14":{"start":{"line":95,"column":4},"end":{"line":95,"column":null}},"15":{"start":{"line":97,"column":2},"end":{"line":99,"column":null}},"16":{"start":{"line":98,"column":4},"end":{"line":98,"column":null}},"17":{"start":{"line":101,"column":2},"end":{"line":103,"column":null}},"18":{"start":{"line":102,"column":4},"end":{"line":102,"column":null}},"19":{"start":{"line":104,"column":2},"end":{"line":106,"column":null}},"20":{"start":{"line":105,"column":4},"end":{"line":105,"column":null}},"21":{"start":{"line":115,"column":17},"end":{"line":115,"column":null}},"22":{"start":{"line":117,"column":2},"end":{"line":117,"column":null}},"23":{"start":{"line":118,"column":2},"end":{"line":118,"column":null}},"24":{"start":{"line":120,"column":2},"end":{"line":120,"column":null}},"25":{"start":{"line":121,"column":2},"end":{"line":121,"column":null}},"26":{"start":{"line":125,"column":2},"end":{"line":125,"column":null}},"27":{"start":{"line":126,"column":2},"end":{"line":126,"column":null}},"28":{"start":{"line":128,"column":2},"end":{"line":128,"column":null}},"29":{"start":{"line":130,"column":2},"end":{"line":130,"column":null}},"30":{"start":{"line":132,"column":2},"end":{"line":132,"column":null}},"31":{"start":{"line":133,"column":2},"end":{"line":133,"column":null}},"32":{"start":{"line":134,"column":2},"end":{"line":134,"column":null}},"33":{"start":{"line":135,"column":2},"end":{"line":135,"column":null}},"34":{"start":{"line":137,"column":2},"end":{"line":137,"column":null}},"35":{"start":{"line":141,"column":2},"end":{"line":143,"column":null}}},"fnMap":{"0":{"name":"getNextId","decl":{"start":{"line":25,"column":9},"end":{"line":25,"column":29}},"loc":{"start":{"line":25,"column":29},"end":{"line":27,"column":null}},"line":25},"1":{"name":"createCell","decl":{"start":{"line":39,"column":16},"end":{"line":39,"column":27}},"loc":{"start":{"line":39,"column":58},"end":{"line":52,"column":null}},"line":39},"2":{"name":"cloneCell","decl":{"start":{"line":56,"column":16},"end":{"line":56,"column":26}},"loc":{"start":{"line":56,"column":44},"end":{"line":63,"column":null}},"line":56},"3":{"name":"applyForce","decl":{"start":{"line":65,"column":16},"end":{"line":65,"column":27}},"loc":{"start":{"line":65,"column":54},"end":{"line":68,"column":null}},"line":65},"4":{"name":"steer","decl":{"start":{"line":70,"column":16},"end":{"line":70,"column":22}},"loc":{"start":{"line":70,"column":53},"end":{"line":73,"column":null}},"line":70},"5":{"name":"cellDistance","decl":{"start":{"line":75,"column":16},"end":{"line":75,"column":29}},"loc":{"start":{"line":75,"column":54},"end":{"line":77,"column":null}},"line":75},"6":{"name":"renderCell","decl":{"start":{"line":81,"column":16},"end":{"line":81,"column":null}},"loc":{"start":{"line":86,"column":2},"end":{"line":107,"column":null}},"line":86},"7":{"name":"renderAt","decl":{"start":{"line":109,"column":9},"end":{"line":109,"column":null}},"loc":{"start":{"line":114,"column":2},"end":{"line":138,"column":null}},"line":114},"8":{"name":"logCell","decl":{"start":{"line":140,"column":16},"end":{"line":140,"column":24}},"loc":{"start":{"line":140,"column":36},"end":{"line":144,"column":null}},"line":140}},"branchMap":{"0":{"loc":{"start":{"line":48,"column":7},"end":{"line":48,"column":null}},"type":"cond-expr","locations":[{"start":{"line":48,"column":35},"end":{"line":48,"column":52}},{"start":{"line":48,"column":52},"end":{"line":48,"column":null}}],"line":48},"1":{"loc":{"start":{"line":48,"column":7},"end":{"line":48,"column":35}},"type":"binary-expr","locations":[{"start":{"line":48,"column":7},"end":{"line":48,"column":18}},{"start":{"line":48,"column":18},"end":{"line":48,"column":35}}],"line":48},"2":{"loc":{"start":{"line":85,"column":2},"end":{"line":85,"column":null}},"type":"default-arg","locations":[{"start":{"line":85,"column":17},"end":{"line":85,"column":null}}],"line":85},"3":{"loc":{"start":{"line":94,"column":2},"end":{"line":96,"column":null}},"type":"if","locations":[{"start":{"line":94,"column":2},"end":{"line":96,"column":null}},{"start":{},"end":{}}],"line":94},"4":{"loc":{"start":{"line":97,"column":2},"end":{"line":99,"column":null}},"type":"if","locations":[{"start":{"line":97,"column":2},"end":{"line":99,"column":null}},{"start":{},"end":{}}],"line":97},"5":{"loc":{"start":{"line":101,"column":2},"end":{"line":103,"column":null}},"type":"if","locations":[{"start":{"line":101,"column":2},"end":{"line":103,"column":null}},{"start":{},"end":{}}],"line":101},"6":{"loc":{"start":{"line":104,"column":2},"end":{"line":106,"column":null}},"type":"if","locations":[{"start":{"line":104,"column":2},"end":{"line":106,"column":null}},{"start":{},"end":{}}],"line":104},"7":{"loc":{"start":{"line":113,"column":2},"end":{"line":113,"column":null}},"type":"default-arg","locations":[{"start":{"line":113,"column":8},"end":{"line":113,"column":null}}],"line":113}},"s":{"0":11,"1":11,"2":2721,"3":2721,"4":2534,"5":67,"6":67,"7":11,"8":11,"9":243452,"10":8,"11":8,"12":8,"13":8,"14":1,"15":8,"16":0,"17":8,"18":1,"19":8,"20":0,"21":10,"22":10,"23":10,"24":10,"25":10,"26":10,"27":10,"28":10,"29":10,"30":10,"31":10,"32":10,"33":10,"34":10,"35":0},"f":{"0":2721,"1":2721,"2":2534,"3":67,"4":11,"5":243452,"6":8,"7":10,"8":0},"b":{"0":[9,2712],"1":[2721,2610],"2":[8],"3":[1,7],"4":[0,8],"5":[1,7],"6":[0,8],"7":[10]},"meta":{"lastBranch":8,"lastFunction":9,"lastStatement":36,"seen":{"s:18:25:18:Infinity":0,"s:23:13:23:Infinity":1,"f:25:9:25:29":0,"s:26:2:26:Infinity":2,"f:39:16:39:27":1,"s:40:2:51:Infinity":3,"b:48:35:48:52:48:52:48:Infinity":0,"b:48:7:48:18:48:18:48:35":1,"f:56:16:56:26":2,"s:57:2:62:Infinity":4,"f:65:16:65:27":3,"s:66:2:66:Infinity":5,"s:67:2:67:Infinity":6,"f:70:16:70:22":4,"s:71:19:71:Infinity":7,"s:72:2:72:Infinity":8,"f:75:16:75:29":5,"s:76:2:76:Infinity":9,"f:81:16:81:Infinity":6,"b:85:17:85:Infinity":2,"s:89:23:89:Infinity":10,"s:90:28:90:Infinity":11,"s:92:2:92:Infinity":12,"b:94:2:96:Infinity:undefined:undefined:undefined:undefined":3,"s:94:2:96:Infinity":13,"s:95:4:95:Infinity":14,"b:97:2:99:Infinity:undefined:undefined:undefined:undefined":4,"s:97:2:99:Infinity":15,"s:98:4:98:Infinity":16,"b:101:2:103:Infinity:undefined:undefined:undefined:undefined":5,"s:101:2:103:Infinity":17,"s:102:4:102:Infinity":18,"b:104:2:106:Infinity:undefined:undefined:undefined:undefined":6,"s:104:2:106:Infinity":19,"s:105:4:105:Infinity":20,"f:109:9:109:Infinity":7,"b:113:8:113:Infinity":7,"s:115:17:115:Infinity":21,"s:117:2:117:Infinity":22,"s:118:2:118:Infinity":23,"s:120:2:120:Infinity":24,"s:121:2:121:Infinity":25,"s:125:2:125:Infinity":26,"s:126:2:126:Infinity":27,"s:128:2:128:Infinity":28,"s:130:2:130:Infinity":29,"s:132:2:132:Infinity":30,"s:133:2:133:Infinity":31,"s:134:2:134:Infinity":32,"s:135:2:135:Infinity":33,"s:137:2:137:Infinity":34,"f:140:16:140:24":8,"s:141:2:143:Infinity":35},"fnNames":{}}}
,"/home/runner/work/flocking/flocking/src/color.ts": {"path":"/home/runner/work/flocking/flocking/src/color.ts","statementMap":{"0":{"start":{"line":6,"column":2},"end":{"line":11,"column":null}},"1":{"start":{"line":15,"column":15},"end":{"line":15,"column":null}},"2":{"start":{"line":16,"column":2},"end":{"line":16,"column":null}},"3":{"start":{"line":17,"column":2},"end":{"line":17,"column":null}},"4":{"start":{"line":18,"column":2},"end":{"line":18,"column":null}},"5":{"start":{"line":19,"column":2},"end":{"line":19,"column":null}},"6":{"start":{"line":23,"column":16},"end":{"line":23,"column":null}},"7":{"start":{"line":25,"column":2},"end":{"line":27,"column":null}},"8":{"start":{"line":26,"column":4},"end":{"line":26,"column":null}},"9":{"start":{"line":29,"column":26},"end":{"line":29,"column":null}},"10":{"start":{"line":31,"column":2},"end":{"line":36,"column":null}},"11":{"start":{"line":40,"column":12},"end":{"line":40,"column":null}},"12":{"start":{"line":41,"column":2},"end":{"line":41,"column":null}},"13":{"start":{"line":45,"column":17},"end":{"line":45,"column":null}},"14":{"start":{"line":46,"column":2},"end":{"line":46,"column":null}}},"fnMap":{"0":{"name":"randomColor","decl":{"start":{"line":5,"column":16},"end":{"line":5,"column":30}},"loc":{"start":{"line":5,"column":30},"end":{"line":12,"column":null}},"line":5},"1":{"name":"lowerColor","decl":{"start":{"line":14,"column":16},"end":{"line":14,"column":27}},"loc":{"start":{"line":14,"column":58},"end":{"line":20,"column":null}},"line":14},"2":{"name":"toRGBA","decl":{"start":{"line":22,"column":9},"end":{"line":22,"column":16}},"loc":{"start":{"line":22,"column":36},"end":{"line":37,"column":null}},"line":22},"3":{"name":"toString","decl":{"start":{"line":39,"column":9},"end":{"line":39,"column":18}},"loc":{"start":{"line":39,"column":54},"end":{"line":42,"column":null}},"line":39},"4":{"name":"toHex","decl":{"start":{"line":44,"column":9},"end":{"line":44,"column":15}},"loc":{"start":{"line":44,"column":28},"end":{"line":47,"column":null}},"line":44}},"branchMap":{"0":{"loc":{"start":{"line":25,"column":2},"end":{"line":27,"column":null}},"type":"if","locations":[{"start":{"line":25,"column":2},"end":{"line":27,"column":null}},{"start":{},"end":{}}],"line":25},"1":{"loc":{"start":{"line":35,"column":7},"end":{"line":35,"column":null}},"type":"cond-expr","locations":[{"start":{"line":35,"column":11},"end":{"line":35,"column":35}},{"start":{"line":35,"column":35},"end":{"line":35,"column":null}}],"line":35},"2":{"loc":{"start":{"line":46,"column":9},"end":{"line":46,"column":null}},"type":"cond-expr","locations":[{"start":{"line":46,"column":31},"end":{"line":46,"column":46}},{"start":{"line":46,"column":46},"end":{"line":46,"column":null}}],"line":46}},"s":{"0":0,"1":10,"2":10,"3":10,"4":10,"5":10,"6":10,"7":10,"8":0,"9":10,"10":10,"11":10,"12":10,"13":40,"14":40},"f":{"0":0,"1":10,"2":10,"3":10,"4":40},"b":{"0":[0,10],"1":[0,10],"2":[0,40]},"meta":{"lastBranch":3,"lastFunction":5,"lastStatement":15,"seen":{"f:5:16:5:30":0,"s:6:2:11:Infinity":0,"f:14:16:14:27":1,"s:15:15:15:Infinity":1,"s:16:2:16:Infinity":2,"s:17:2:17:Infinity":3,"s:18:2:18:Infinity":4,"s:19:2:19:Infinity":5,"f:22:9:22:16":2,"s:23:16:23:Infinity":6,"b:25:2:27:Infinity:undefined:undefined:undefined:undefined":0,"s:25:2:27:Infinity":7,"s:26:4:26:Infinity":8,"s:29:26:29:Infinity":9,"s:31:2:36:Infinity":10,"b:35:11:35:35:35:35:35:Infinity":1,"f:39:9:39:18":3,"s:40:12:40:Infinity":11,"s:41:2:41:Infinity":12,"f:44:9:44:15":4,"s:45:17:45:Infinity":13,"s:46:2:46:Infinity":14,"b:46:31:46:46:46:46:46:Infinity":2},"fnNames":{}}}
,"/home/runner/work/flocking/flocking/src/debug.ts": {"path":"/home/runner/work/flocking/flocking/src/debug.ts","statementMap":{"0":{"start":{"line":18,"column":21},"end":{"line":18,"column":null}},"1":{"start":{"line":19,"column":22},"end":{"line":19,"column":null}},"2":{"start":{"line":20,"column":20},"end":{"line":20,"column":null}},"3":{"start":{"line":21,"column":20},"end":{"line":21,"column":null}},"4":{"start":{"line":22,"column":13},"end":{"line":22,"column":null}},"5":{"start":{"line":25,"column":23},"end":{"line":25,"column":null}},"6":{"start":{"line":27,"column":25},"end":{"line":27,"column":null}},"7":{"start":{"line":28,"column":21},"end":{"line":28,"column":null}},"8":{"start":{"line":29,"column":20},"end":{"line":29,"column":null}},"9":{"start":{"line":30,"column":20},"end":{"line":30,"column":null}},"10":{"start":{"line":34,"column":28},"end":{"line":34,"column":null}},"11":{"start":{"line":36,"column":2},"end":{"line":45,"column":null}},"12":{"start":{"line":38,"column":6},"end":{"line":38,"column":null}},"13":{"start":{"line":39,"column":6},"end":{"line":39,"column":null}},"14":{"start":{"line":39,"column":33},"end":{"line":39,"column":null}},"15":{"start":{"line":42,"column":6},"end":{"line":42,"column":null}},"16":{"start":{"line":42,"column":32},"end":{"line":42,"column":null}},"17":{"start":{"line":43,"column":6},"end":{"line":43,"column":null}},"18":{"start":{"line":43,"column":47},"end":{"line":43,"column":63}},"19":{"start":{"line":51,"column":15},"end":{"line":51,"column":null}},"20":{"start":{"line":52,"column":17},"end":{"line":52,"column":null}},"21":{"start":{"line":54,"column":2},"end":{"line":63,"column":null}},"22":{"start":{"line":57,"column":6},"end":{"line":57,"column":null}},"23":{"start":{"line":57,"column":20},"end":{"line":57,"column":null}},"24":{"start":{"line":58,"column":6},"end":{"line":58,"column":null}},"25":{"start":{"line":61,"column":6},"end":{"line":61,"column":null}},"26":{"start":{"line":67,"column":2},"end":{"line":67,"column":null}},"27":{"start":{"line":67,"column":26},"end":{"line":67,"column":null}},"28":{"start":{"line":69,"column":16},"end":{"line":69,"column":null}},"29":{"start":{"line":69,"column":44},"end":{"line":69,"column":76}},"30":{"start":{"line":70,"column":2},"end":{"line":70,"column":null}},"31":{"start":{"line":75,"column":2},"end":{"line":80,"column":null}},"32":{"start":{"line":89,"column":2},"end":{"line":89,"column":null}},"33":{"start":{"line":90,"column":2},"end":{"line":90,"column":null}},"34":{"start":{"line":91,"column":2},"end":{"line":91,"column":null}},"35":{"start":{"line":93,"column":2},"end":{"line":95,"column":null}},"36":{"start":{"line":94,"column":4},"end":{"line":94,"column":null}},"37":{"start":{"line":97,"column":2},"end":{"line":97,"column":null}},"38":{"start":{"line":104,"column":15},"end":{"line":104,"column":null}},"39":{"start":{"line":105,"column":17},"end":{"line":105,"column":null}},"40":{"start":{"line":107,"column":2},"end":{"line":107,"column":null}},"41":{"start":{"line":109,"column":2},"end":{"line":109,"column":null}},"42":{"start":{"line":110,"column":2},"end":{"line":110,"column":null}},"43":{"start":{"line":111,"column":2},"end":{"line":111,"column":null}},"44":{"start":{"line":112,"column":2},"end":{"line":112,"column":null}},"45":{"start":{"line":113,"column":2},"end":{"line":113,"column":null}},"46":{"start":{"line":115,"column":2},"end":{"line":115,"column":null}},"47":{"start":{"line":116,"column":2},"end":{"line":116,"column":null}},"48":{"start":{"line":118,"column":15},"end":{"line":118,"column":null}},"49":{"start":{"line":119,"column":16},"end":{"line":119,"column":null}},"50":{"start":{"line":121,"column":2},"end":{"line":132,"column":null}},"51":{"start":{"line":122,"column":14},"end":{"line":122,"column":null}},"52":{"start":{"line":124,"column":4},"end":{"line":124,"column":null}},"53":{"start":{"line":125,"column":4},"end":{"line":125,"column":null}},"54":{"start":{"line":126,"column":4},"end":{"line":126,"column":null}},"55":{"start":{"line":129,"column":4},"end":{"line":129,"column":null}},"56":{"start":{"line":130,"column":4},"end":{"line":130,"column":null}},"57":{"start":{"line":131,"column":4},"end":{"line":131,"column":null}},"58":{"start":{"line":134,"column":2},"end":{"line":134,"column":null}}},"fnMap":{"0":{"name":"rollingAverage","decl":{"start":{"line":33,"column":16},"end":{"line":33,"column":31}},"loc":{"start":{"line":33,"column":42},"end":{"line":46,"column":null}},"line":33},"1":{"name":"add","decl":{"start":{"line":37,"column":4},"end":{"line":37,"column":8}},"loc":{"start":{"line":37,"column":23},"end":{"line":40,"column":null}},"line":37},"2":{"name":"value","decl":{"start":{"line":41,"column":8},"end":{"line":41,"column":16}},"loc":{"start":{"line":41,"column":16},"end":{"line":44,"column":null}},"line":41},"3":{"name":"(anonymous_3)","decl":{"start":{"line":43,"column":21},"end":{"line":43,"column":29}},"loc":{"start":{"line":43,"column":47},"end":{"line":43,"column":63}},"line":43},"4":{"name":"fpsMeter","decl":{"start":{"line":50,"column":16},"end":{"line":50,"column":25}},"loc":{"start":{"line":50,"column":36},"end":{"line":64,"column":null}},"line":50},"5":{"name":"sample","decl":{"start":{"line":55,"column":4},"end":{"line":55,"column":11}},"loc":{"start":{"line":55,"column":24},"end":{"line":59,"column":null}},"line":55},"6":{"name":"fps","decl":{"start":{"line":60,"column":8},"end":{"line":60,"column":14}},"loc":{"start":{"line":60,"column":14},"end":{"line":62,"column":null}},"line":60},"7":{"name":"averageSpeed","decl":{"start":{"line":66,"column":16},"end":{"line":66,"column":29}},"loc":{"start":{"line":66,"column":44},"end":{"line":71,"column":null}},"line":66},"8":{"name":"(anonymous_8)","decl":{"start":{"line":69,"column":22},"end":{"line":69,"column":30}},"loc":{"start":{"line":69,"column":44},"end":{"line":69,"column":76}},"line":69},"9":{"name":"debugRows","decl":{"start":{"line":74,"column":16},"end":{"line":74,"column":26}},"loc":{"start":{"line":74,"column":65},"end":{"line":81,"column":null}},"line":74},"10":{"name":"renderQuadrants","decl":{"start":{"line":85,"column":16},"end":{"line":85,"column":null}},"loc":{"start":{"line":88,"column":2},"end":{"line":98,"column":null}},"line":88},"11":{"name":"renderDebugPanel","decl":{"start":{"line":100,"column":16},"end":{"line":100,"column":null}},"loc":{"start":{"line":103,"column":2},"end":{"line":135,"column":null}},"line":103},"12":{"name":"(anonymous_12)","decl":{"start":{"line":121,"column":7},"end":{"line":121,"column":16}},"loc":{"start":{"line":121,"column":38},"end":{"line":132,"column":3}},"line":121}},"branchMap":{"0":{"loc":{"start":{"line":33,"column":31},"end":{"line":33,"column":42}},"type":"default-arg","locations":[{"start":{"line":33,"column":38},"end":{"line":33,"column":42}}],"line":33},"1":{"loc":{"start":{"line":39,"column":6},"end":{"line":39,"column":null}},"type":"if","locations":[{"start":{"line":39,"column":6},"end":{"line":39,"column":null}},{"start":{},"end":{}}],"line":39},"2":{"loc":{"start":{"line":42,"column":6},"end":{"line":42,"column":null}},"type":"if","locations":[{"start":{"line":42,"column":6},"end":{"line":42,"column":null}},{"start":{},"end":{}}],"line":42},"3":{"loc":{"start":{"line":50,"column":25},"end":{"line":50,"column":36}},"type":"default-arg","locations":[{"start":{"line":50,"column":32},"end":{"line":50,"column":36}}],"line":50},"4":{"loc":{"start":{"line":57,"column":6},"end":{"line":57,"column":null}},"type":"if","locations":[{"start":{"line":57,"column":6},"end":{"line":57,"column":null}},{"start":{},"end":{}}],"line":57},"5":{"loc":{"start":{"line":61,"column":13},"end":{"line":61,"column":null}},"type":"cond-expr","locations":[{"start":{"line":61,"column":26},"end":{"line":61,"column":46}},{"start":{"line":61,"column":46},"end":{"line":61,"column":null}}],"line":61},"6":{"loc":{"start":{"line":67,"column":2},"end":{"line":67,"column":null}},"type":"if","locations":[{"start":{"line":67,"column":2},"end":{"line":67,"column":null}},{"start":{},"end":{}}],"line":67}},"s":{"0":10,"1":10,"2":10,"3":10,"4":10,"5":10,"6":10,"7":10,"8":10,"9":10,"10":110,"11":110,"12":119,"13":119,"14":1,"15":10,"16":4,"17":6,"18":40,"19":1,"20":1,"21":1,"22":11,"23":9,"24":11,"25":3,"26":5,"27":1,"28":4,"29":5,"30":4,"31":2,"32":1,"33":1,"34":1,"35":1,"36":21,"37":1,"38":1,"39":1,"40":1,"41":1,"42":1,"43":1,"44":1,"45":1,"46":1,"47":1,"48":1,"49":1,"50":1,"51":4,"52":4,"53":4,"54":4,"55":4,"56":4,"57":4,"58":1},"f":{"0":110,"1":119,"2":10,"3":40,"4":1,"5":11,"6":3,"7":5,"8":5,"9":2,"10":1,"11":1,"12":4},"b":{"0":[110],"1":[1,118],"2":[4,6],"3":[1],"4":[9,2],"5":[2,1],"6":[1,4]},"meta":{"lastBranch":7,"lastFunction":13,"lastStatement":59,"seen":{"s:18:21:18:Infinity":0,"s:19:22:19:Infinity":1,"s:20:20:20:Infinity":2,"s:21:20:21:Infinity":3,"s:22:13:22:Infinity":4,"s:25:23:25:Infinity":5,"s:27:25:27:Infinity":6,"s:28:21:28:Infinity":7,"s:29:20:29:Infinity":8,"s:30:20:30:Infinity":9,"f:33:16:33:31":0,"b:33:38:33:42":0,"s:34:28:34:Infinity":10,"s:36:2:45:Infinity":11,"f:37:4:37:8":1,"s:38:6:38:Infinity":12,"b:39:6:39:Infinity:undefined:undefined:undefined:undefined":1,"s:39:6:39:Infinity":13,"s:39:33:39:Infinity":14,"f:41:8:41:16":2,"b:42:6:42:Infinity:undefined:undefined:undefined:undefined":2,"s:42:6:42:Infinity":15,"s:42:32:42:Infinity":16,"s:43:6:43:Infinity":17,"f:43:21:43:29":3,"s:43:47:43:63":18,"f:50:16:50:25":4,"b:50:32:50:36":3,"s:51:15:51:Infinity":19,"s:52:17:52:Infinity":20,"s:54:2:63:Infinity":21,"f:55:4:55:11":5,"b:57:6:57:Infinity:undefined:undefined:undefined:undefined":4,"s:57:6:57:Infinity":22,"s:57:20:57:Infinity":23,"s:58:6:58:Infinity":24,"f:60:8:60:14":6,"s:61:6:61:Infinity":25,"b:61:26:61:46:61:46:61:Infinity":5,"f:66:16:66:29":7,"b:67:2:67:Infinity:undefined:undefined:undefined:undefined":6,"s:67:2:67:Infinity":26,"s:67:26:67:Infinity":27,"s:69:16:69:Infinity":28,"f:69:22:69:30":8,"s:69:44:69:76":29,"s:70:2:70:Infinity":30,"f:74:16:74:26":9,"s:75:2:80:Infinity":31,"f:85:16:85:Infinity":10,"s:89:2:89:Infinity":32,"s:90:2:90:Infinity":33,"s:91:2:91:Infinity":34,"s:93:2:95:Infinity":35,"s:94:4:94:Infinity":36,"s:97:2:97:Infinity":37,"f:100:16:100:Infinity":11,"s:104:15:104:Infinity":38,"s:105:17:105:Infinity":39,"s:107:2:107:Infinity":40,"s:109:2:109:Infinity":41,"s:110:2:110:Infinity":42,"s:111:2:111:Infinity":43,"s:112:2:112:Infinity":44,"s:113:2:113:Infinity":45,"s:115:2:115:Infinity":46,"s:116:2:116:Infinity":47,"s:118:15:118:Infinity":48,"s:119:16:119:Infinity":49,"s:121:2:132:Infinity":50,"f:121:7:121:16":12,"s:122:14:122:Infinity":51,"s:124:4:124:Infinity":52,"s:125:4:125:Infinity":53,"s:126:4:126:Infinity":54,"s:129:4:129:Infinity":55,"s:130:4:130:Infinity":56,"s:131:4:131:Infinity":57,"s:134:2:134:Infinity":58},"fnNames":{}}}
,"/home/runner/work/flocking/flocking/src/math.ts": {"path":"/home/runner/work/flocking/flocking/src/math.ts","statementMap":{},"fnMap":{},"branchMap":{},"s":{},"f":{},"b":{},"meta":{"lastBranch":0,"lastFunction":0,"lastStatement":0,"seen":{},"fnNames":{}}}
,"/home/runner/work/flocking/flocking/src/simulation.ts": {"path":"/home/runner/work/flocking/flocking/src/simulation.ts","statementMap":{"0":{"start":{"line":32,"column":23},"end":{"line":35,"column":null}},"1":{"start":{"line":37,"column":18},"end":{"line":37,"column":null}},"2":{"start":{"line":38,"column":19},"end":{"line":38,"column":34}},"3":{"start":{"line":42,"column":25},"end":{"line":42,"column":null}},"4":{"start":{"line":44,"column":2},"end":{"line":78,"column":null}},"5":{"start":{"line":46,"column":6},"end":{"line":46,"column":null}},"6":{"start":{"line":51,"column":20},"end":{"line":51,"column":null}},"7":{"start":{"line":53,"column":6},"end":{"line":53,"column":null}},"8":{"start":{"line":55,"column":6},"end":{"line":59,"column":null}},"9":{"start":{"line":56,"column":21},"end":{"line":56,"column":null}},"10":{"start":{"line":57,"column":8},"end":{"line":57,"column":null}},"11":{"start":{"line":57,"column":33},"end":{"line":57,"column":47}},"12":{"start":{"line":58,"column":8},"end":{"line":58,"column":null}},"13":{"start":{"line":61,"column":6},"end":{"line":61,"column":null}},"14":{"start":{"line":66,"column":6},"end":{"line":66,"column":null}},"15":{"start":{"line":67,"column":6},"end":{"line":67,"column":null}},"16":{"start":{"line":68,"column":6},"end":{"line":68,"column":null}},"17":{"start":{"line":69,"column":6},"end":{"line":69,"column":null}},"18":{"start":{"line":69,"column":30},"end":{"line":69,"column":76}},"19":{"start":{"line":71,"column":6},"end":{"line":71,"column":null}},"20":{"start":{"line":71,"column":23},"end":{"line":71,"column":null}},"21":{"start":{"line":75,"column":6},"end":{"line":75,"column":null}},"22":{"start":{"line":76,"column":6},"end":{"line":76,"column":null}},"23":{"start":{"line":81,"column":4},"end":{"line":86,"column":null}},"24":{"start":{"line":94,"column":4},"end":{"line":96,"column":null}},"25":{"start":{"line":96,"column":21},"end":{"line":96,"column":75}}},"fnMap":{"0":{"name":"simulation","decl":{"start":{"line":26,"column":16},"end":{"line":26,"column":27}},"loc":{"start":{"line":31,"column":21},"end":{"line":98,"column":null}},"line":31},"1":{"name":"cells","decl":{"start":{"line":45,"column":8},"end":{"line":45,"column":16}},"loc":{"start":{"line":45,"column":16},"end":{"line":47,"column":null}},"line":45},"2":{"name":"step","decl":{"start":{"line":50,"column":4},"end":{"line":50,"column":11}},"loc":{"start":{"line":50,"column":11},"end":{"line":62,"column":null}},"line":50},"3":{"name":"(anonymous_3)","decl":{"start":{"line":55,"column":20},"end":{"line":55,"column":25}},"loc":{"start":{"line":55,"column":31},"end":{"line":59,"column":7}},"line":55},"4":{"name":"(anonymous_4)","decl":{"start":{"line":57,"column":18},"end":{"line":57,"column":27}},"loc":{"start":{"line":57,"column":33},"end":{"line":57,"column":47}},"line":57},"5":{"name":"render","decl":{"start":{"line":65,"column":4},"end":{"line":65,"column":11}},"loc":{"start":{"line":65,"column":43},"end":{"line":77,"column":null}},"line":65},"6":{"name":"(anonymous_6)","decl":{"start":{"line":69,"column":12},"end":{"line":69,"column":21}},"loc":{"start":{"line":69,"column":30},"end":{"line":69,"column":76}},"line":69},"7":{"name":"stats","decl":{"start":{"line":80,"column":11},"end":{"line":80,"column":17}},"loc":{"start":{"line":80,"column":42},"end":{"line":87,"column":null}},"line":80},"8":{"name":"look","decl":{"start":{"line":89,"column":11},"end":{"line":89,"column":16}},"loc":{"start":{"line":89,"column":54},"end":{"line":97,"column":null}},"line":89},"9":{"name":"(anonymous_9)","decl":{"start":{"line":96,"column":7},"end":{"line":96,"column":15}},"loc":{"start":{"line":96,"column":21},"end":{"line":96,"column":75}},"line":96}},"branchMap":{"0":{"loc":{"start":{"line":30,"column":2},"end":{"line":30,"column":null}},"type":"default-arg","locations":[{"start":{"line":30,"column":14},"end":{"line":30,"column":null}}],"line":30},"1":{"loc":{"start":{"line":65,"column":11},"end":{"line":65,"column":29}},"type":"default-arg","locations":[{"start":{"line":65,"column":26},"end":{"line":65,"column":29}}],"line":65},"2":{"loc":{"start":{"line":71,"column":6},"end":{"line":71,"column":null}},"type":"if","locations":[{"start":{"line":71,"column":6},"end":{"line":71,"column":null}},{"start":{},"end":{}}],"line":71},"3":{"loc":{"start":{"line":96,"column":21},"end":{"line":96,"column":75}},"type":"binary-expr","locations":[{"start":{"line":96,"column":21},"end":{"line":96,"column":43}},{"start":{"line":96,"column":43},"end":{"line":96,"column":75}}],"line":96}},"s":{"0":108,"1":108,"2":108,"3":108,"4":108,"5":63,"6":106,"7":106,"8":106,"9":2520,"10":2520,"11":2529,"12":2520,"13":106,"14":1,"15":1,"16":1,"17":1,"18":1,"19":1,"20":1,"21":0,"22":0,"23":3,"24":2480,"25":104294},"f":{"0":108,"1":63,"2":106,"3":2520,"4":2529,"5":1,"6":1,"7":3,"8":2480,"9":104294},"b":{"0":[108],"1":[1],"2":[1,0],"3":[104294,101814]},"meta":{"lastBranch":4,"lastFunction":10,"lastStatement":26,"seen":{"f:26:16:26:27":0,"b:30:14:30:Infinity":0,"s:32:23:35:Infinity":0,"s:37:18:37:Infinity":1,"s:38:19:38:34":2,"s:42:25:42:Infinity":3,"s:44:2:78:Infinity":4,"f:45:8:45:16":1,"s:46:6:46:Infinity":5,"f:50:4:50:11":2,"s:51:20:51:Infinity":6,"s:53:6:53:Infinity":7,"s:55:6:59:Infinity":8,"f:55:20:55:25":3,"s:56:21:56:Infinity":9,"s:57:8:57:Infinity":10,"f:57:18:57:27":4,"s:57:33:57:47":11,"s:58:8:58:Infinity":12,"s:61:6:61:Infinity":13,"f:65:4:65:11":5,"b:65:26:65:29":1,"s:66:6:66:Infinity":14,"s:67:6:67:Infinity":15,"s:68:6:68:Infinity":16,"s:69:6:69:Infinity":17,"f:69:12:69:21":6,"s:69:30:69:76":18,"b:71:6:71:Infinity:undefined:undefined:undefined:undefined":2,"s:71:6:71:Infinity":19,"s:71:23:71:Infinity":20,"s:75:6:75:Infinity":21,"s:76:6:76:Infinity":22,"f:80:11:80:17":7,"s:81:4:86:Infinity":23,"f:89:11:89:16":8,"s:94:4:96:Infinity":24,"f:96:7:96:15":9,"s:96:21:96:75":25,"b:96:21:96:43:96:43:96:75":3},"fnNames":{}}}
,"/home/runner/work/flocking/flocking/src/spatial.ts": {"path":"/home/runner/work/flocking/flocking/src/spatial.ts","statementMap":{"0":{"start":{"line":19,"column":22},"end":{"line":19,"column":null}},"1":{"start":{"line":20,"column":34},"end":{"line":20,"column":null}},"2":{"start":{"line":23,"column":2},"end":{"line":25,"column":null}},"3":{"start":{"line":24,"column":4},"end":{"line":24,"column":null}},"4":{"start":{"line":24,"column":27},"end":{"line":24,"column":34}},"5":{"start":{"line":24,"column":51},"end":{"line":24,"column":64}},"6":{"start":{"line":31,"column":13},"end":{"line":31,"column":null}},"7":{"start":{"line":32,"column":12},"end":{"line":32,"column":null}},"8":{"start":{"line":33,"column":14},"end":{"line":33,"column":null}},"9":{"start":{"line":34,"column":15},"end":{"line":34,"column":null}},"10":{"start":{"line":36,"column":2},"end":{"line":41,"column":null}},"11":{"start":{"line":37,"column":4},"end":{"line":37,"column":null}},"12":{"start":{"line":37,"column":32},"end":{"line":37,"column":null}},"13":{"start":{"line":38,"column":4},"end":{"line":38,"column":null}},"14":{"start":{"line":38,"column":33},"end":{"line":38,"column":null}},"15":{"start":{"line":39,"column":4},"end":{"line":39,"column":null}},"16":{"start":{"line":39,"column":31},"end":{"line":39,"column":null}},"17":{"start":{"line":40,"column":4},"end":{"line":40,"column":null}},"18":{"start":{"line":40,"column":34},"end":{"line":40,"column":null}},"19":{"start":{"line":45,"column":14},"end":{"line":45,"column":null}},"20":{"start":{"line":47,"column":15},"end":{"line":52,"column":null}},"21":{"start":{"line":54,"column":2},"end":{"line":65,"column":null}},"22":{"start":{"line":56,"column":31},"end":{"line":62,"column":null}},"23":{"start":{"line":64,"column":4},"end":{"line":64,"column":null}},"24":{"start":{"line":67,"column":2},"end":{"line":82,"column":null}},"25":{"start":{"line":69,"column":6},"end":{"line":69,"column":null}},"26":{"start":{"line":73,"column":20},"end":{"line":78,"column":null}},"27":{"start":{"line":80,"column":6},"end":{"line":80,"column":null}},"28":{"start":{"line":80,"column":65},"end":{"line":80,"column":76}}},"fnMap":{"0":{"name":"indexCells","decl":{"start":{"line":22,"column":16},"end":{"line":22,"column":27}},"loc":{"start":{"line":22,"column":73},"end":{"line":83,"column":null}},"line":22},"1":{"name":"(anonymous_1)","decl":{"start":{"line":24,"column":13},"end":{"line":24,"column":27}},"loc":{"start":{"line":24,"column":27},"end":{"line":24,"column":34}},"line":24},"2":{"name":"(anonymous_2)","decl":{"start":{"line":24,"column":34},"end":{"line":24,"column":51}},"loc":{"start":{"line":24,"column":51},"end":{"line":24,"column":64}},"line":24},"3":{"name":"quadrants","decl":{"start":{"line":68,"column":4},"end":{"line":68,"column":16}},"loc":{"start":{"line":68,"column":16},"end":{"line":70,"column":null}},"line":68},"4":{"name":"within","decl":{"start":{"line":72,"column":4},"end":{"line":72,"column":11}},"loc":{"start":{"line":72,"column":43},"end":{"line":81,"column":null}},"line":72},"5":{"name":"(anonymous_5)","decl":{"start":{"line":80,"column":49},"end":{"line":80,"column":54}},"loc":{"start":{"line":80,"column":65},"end":{"line":80,"column":76}},"line":80}},"branchMap":{"0":{"loc":{"start":{"line":23,"column":2},"end":{"line":25,"column":null}},"type":"if","locations":[{"start":{"line":23,"column":2},"end":{"line":25,"column":null}},{"start":{},"end":{}}],"line":23},"1":{"loc":{"start":{"line":31,"column":13},"end":{"line":31,"column":null}},"type":"cond-expr","locations":[{"start":{"line":31,"column":25},"end":{"line":31,"column":29}},{"start":{"line":31,"column":29},"end":{"line":31,"column":null}}],"line":31},"2":{"loc":{"start":{"line":32,"column":12},"end":{"line":32,"column":null}},"type":"cond-expr","locations":[{"start":{"line":32,"column":24},"end":{"line":32,"column":28}},{"start":{"line":32,"column":28},"end":{"line":32,"column":null}}],"line":32},"3":{"loc":{"start":{"line":33,"column":14},"end":{"line":33,"column":null}},"type":"cond-expr","locations":[{"start":{"line":33,"column":26},"end":{"line":33,"column":40}},{"start":{"line":33,"column":40},"end":{"line":33,"column":null}}],"line":33},"4":{"loc":{"start":{"line":34,"column":15},"end":{"line":34,"column":null}},"type":"cond-expr","locations":[{"start":{"line":34,"column":27},"end":{"line":34,"column":41}},{"start":{"line":34,"column":41},"end":{"line":34,"column":null}}],"line":34},"5":{"loc":{"start":{"line":37,"column":4},"end":{"line":37,"column":null}},"type":"if","locations":[{"start":{"line":37,"column":4},"end":{"line":37,"column":null}},{"start":{},"end":{}}],"line":37},"6":{"loc":{"start":{"line":38,"column":4},"end":{"line":38,"column":null}},"type":"if","locations":[{"start":{"line":38,"column":4},"end":{"line":38,"column":null}},{"start":{},"end":{}}],"line":38},"7":{"loc":{"start":{"line":39,"column":4},"end":{"line":39,"column":null}},"type":"if","locations":[{"start":{"line":39,"column":4},"end":{"line":39,"column":null}},{"start":{},"end":{}}],"line":39},"8":{"loc":{"start":{"line":40,"column":4},"end":{"line":40,"column":null}},"type":"if","locations":[{"start":{"line":40,"column":4},"end":{"line":40,"column":null}},{"start":{},"end":{}}],"line":40}},"s":{"0":10,"1":10,"2":223,"3":1,"4":0,"5":1,"6":222,"7":223,"8":223,"9":223,"10":223,"11":5128,"12":45,"13":5128,"14":5,"15":5128,"16":19,"17":5128,"18":5,"19":222,"20":222,"21":222,"22":5128,"23":5128,"24":222,"25":10,"26":2481,"27":2481,"28":104295},"f":{"0":223,"1":0,"2":1,"3":10,"4":2481,"5":104295},"b":{"0":[1,222],"1":[221,1],"2":[221,1],"3":[221,1],"4":[221,1],"5":[45,5083],"6":[5,5123],"7":[19,5109],"8":[5,5123]},"meta":{"lastBranch":9,"lastFunction":6,"lastStatement":29,"seen":{"s:19:22:19:Infinity":0,"s:20:34:20:Infinity":1,"f:22:16:22:27":0,"b:23:2:25:Infinity:undefined:undefined:undefined:undefined":0,"s:23:2:25:Infinity":2,"s:24:4:24:Infinity":3,"f:24:13:24:27":1,"s:24:27:24:34":4,"f:24:34:24:51":2,"s:24:51:24:64":5,"s:31:13:31:Infinity":6,"b:31:25:31:29:31:29:31:Infinity":1,"s:32:12:32:Infinity":7,"b:32:24:32:28:32:28:32:Infinity":2,"s:33:14:33:Infinity":8,"b:33:26:33:40:33:40:33:Infinity":3,"s:34:15:34:Infinity":9,"b:34:27:34:41:34:41:34:Infinity":4,"s:36:2:41:Infinity":10,"b:37:4:37:Infinity:undefined:undefined:undefined:undefined":5,"s:37:4:37:Infinity":11,"s:37:32:37:Infinity":12,"b:38:4:38:Infinity:undefined:undefined:undefined:undefined":6,"s:38:4:38:Infinity":13,"s:38:33:38:Infinity":14,"b:39:4:39:Infinity:undefined:undefined:undefined:undefined":7,"s:39:4:39:Infinity":15,"s:39:31:39:Infinity":16,"b:40:4:40:Infinity:undefined:undefined:undefined:undefined":8,"s:40:4:40:Infinity":17,"s:40:34:40:Infinity":18,"s:45:14:45:Infinity":19,"s:47:15:52:Infinity":20,"s:54:2:65:Infinity":21,"s:56:31:62:Infinity":22,"s:64:4:64:Infinity":23,"s:67:2:82:Infinity":24,"f:68:4:68:16":3,"s:69:6:69:Infinity":25,"f:72:4:72:11":4,"s:73:20:78:Infinity":26,"s:80:6:80:Infinity":27,"f:80:49:80:54":5,"s:80:65:80:76":28},"fnNames":{}}}
,"/home/runner/work/flocking/flocking/src/user.ts": {"path":"/home/runner/work/flocking/flocking/src/user.ts","statementMap":{"0":{"start":{"line":1,"column":52},"end":{"line":1,"column":null}},"1":{"start":{"line":2,"column":17},"end":{"line":2,"column":null}},"2":{"start":{"line":5,"column":7},"end":{"line":12,"column":null}},"3":{"start":{"line":6,"column":2},"end":{"line":6,"column":null}},"4":{"start":{"line":7,"column":2},"end":{"line":7,"column":null}},"5":{"start":{"line":8,"column":2},"end":{"line":8,"column":null}},"6":{"start":{"line":9,"column":2},"end":{"line":9,"column":null}},"7":{"start":{"line":10,"column":2},"end":{"line":10,"column":null}},"8":{"start":{"line":11,"column":2},"end":{"line":11,"column":null}},"9":{"start":{"line":15,"column":2},"end":{"line":15,"column":null}},"10":{"start":{"line":17,"column":15},"end":{"line":17,"column":null}},"11":{"start":{"line":18,"column":2},"end":{"line":18,"column":null}},"12":{"start":{"line":19,"column":2},"end":{"line":19,"column":null}},"13":{"start":{"line":25,"column":2},"end":{"line":25,"column":null}},"14":{"start":{"line":26,"column":2},"end":{"line":26,"column":null}},"15":{"start":{"line":30,"column":21},"end":{"line":30,"column":null}},"16":{"start":{"line":33,"column":2},"end":{"line":43,"column":null}},"17":{"start":{"line":37,"column":21},"end":{"line":37,"column":null}},"18":{"start":{"line":38,"column":4},"end":{"line":38,"column":null}},"19":{"start":{"line":38,"column":51},"end":{"line":38,"column":null}},"20":{"start":{"line":40,"column":4},"end":{"line":40,"column":null}},"21":{"start":{"line":42,"column":4},"end":{"line":42,"column":null}},"22":{"start":{"line":42,"column":52},"end":{"line":42,"column":62}},"23":{"start":{"line":45,"column":2},"end":{"line":47,"column":null}},"24":{"start":{"line":46,"column":4},"end":{"line":46,"column":null}},"25":{"start":{"line":50,"column":2},"end":{"line":50,"column":null}},"26":{"start":{"line":50,"column":40},"end":{"line":50,"column":56}},"27":{"start":{"line":53,"column":2},"end":{"line":53,"column":null}}},"fnMap":{"0":{"name":"(anonymous_0)","decl":{"start":{"line":5,"column":7},"end":{"line":5,"column":12}},"loc":{"start":{"line":5,"column":7},"end":{"line":12,"column":null}},"line":5},"1":{"name":"onKeyPress","decl":{"start":{"line":14,"column":16},"end":{"line":14,"column":27}},"loc":{"start":{"line":14,"column":63},"end":{"line":20,"column":null}},"line":14},"2":{"name":"isKeyDown","decl":{"start":{"line":24,"column":16},"end":{"line":24,"column":26}},"loc":{"start":{"line":24,"column":53},"end":{"line":27,"column":null}},"line":24},"3":{"name":"initKeyboardDetection","decl":{"start":{"line":32,"column":9},"end":{"line":32,"column":33}},"loc":{"start":{"line":32,"column":33},"end":{"line":54,"column":null}},"line":32},"4":{"name":"(anonymous_4)","decl":{"start":{"line":33,"column":28},"end":{"line":33,"column":40}},"loc":{"start":{"line":33,"column":50},"end":{"line":43,"column":3}},"line":33},"5":{"name":"(anonymous_5)","decl":{"start":{"line":42,"column":30},"end":{"line":42,"column":39}},"loc":{"start":{"line":42,"column":52},"end":{"line":42,"column":62}},"line":42},"6":{"name":"(anonymous_6)","decl":{"start":{"line":45,"column":28},"end":{"line":45,"column":38}},"loc":{"start":{"line":46,"column":4},"end":{"line":46,"column":null}},"line":46},"7":{"name":"(anonymous_7)","decl":{"start":{"line":50,"column":26},"end":{"line":50,"column":40}},"loc":{"start":{"line":50,"column":40},"end":{"line":50,"column":56}},"line":50},"8":{"name":"(anonymous_8)","decl":{"start":{"line":53,"column":2},"end":{"line":53,"column":32}},"loc":{"start":{"line":53,"column":32},"end":{"line":53,"column":null}},"line":53}},"branchMap":{"0":{"loc":{"start":{"line":17,"column":15},"end":{"line":17,"column":null}},"type":"binary-expr","locations":[{"start":{"line":17,"column":15},"end":{"line":17,"column":36}},{"start":{"line":17,"column":36},"end":{"line":17,"column":null}}],"line":17},"1":{"loc":{"start":{"line":37,"column":21},"end":{"line":37,"column":null}},"type":"binary-expr","locations":[{"start":{"line":37,"column":21},"end":{"line":37,"column":38}},{"start":{"line":37,"column":38},"end":{"line":37,"column":55}},{"start":{"line":37,"column":55},"end":{"line":37,"column":null}}],"line":37},"2":{"loc":{"start":{"line":38,"column":4},"end":{"line":38,"column":null}},"type":"if","locations":[{"start":{"line":38,"column":4},"end":{"line":38,"column":null}},{"start":{},"end":{}}],"line":38},"3":{"loc":{"start":{"line":38,"column":8},"end":{"line":38,"column":51}},"type":"binary-expr","locations":[{"start":{"line":38,"column":8},"end":{"line":38,"column":21}},{"start":{"line":38,"column":21},"end":{"line":38,"column":51}}],"line":38}},"s":{"0":1,"1":1,"2":1,"3":1,"4":1,"5":1,"6":1,"7":1,"8":1,"9":0,"10":0,"11":0,"12":0,"13":1,"14":1,"15":1,"16":1,"17":7,"18":7,"19":6,"20":7,"21":7,"22":0,"23":1,"24":0,"25":1,"26":0,"27":1},"f":{"0":1,"1":0,"2":1,"3":1,"4":7,"5":0,"6":0,"7":0,"8":0},"b":{"0":[0,0],"1":[7,7,7],"2":[6,1],"3":[7,7]},"meta":{"lastBranch":4,"lastFunction":9,"lastStatement":28,"seen":{"s:1:52:1:Infinity":0,"s:2:17:2:Infinity":1,"s:5:7:12:Infinity":2,"f:5:7:5:12":0,"s:6:2:6:Infinity":3,"s:7:2:7:Infinity":4,"s:8:2:8:Infinity":5,"s:9:2:9:Infinity":6,"s:10:2:10:Infinity":7,"s:11:2:11:Infinity":8,"f:14:16:14:27":1,"s:15:2:15:Infinity":9,"s:17:15:17:Infinity":10,"b:17:15:17:36:17:36:17:Infinity":0,"s:18:2:18:Infinity":11,"s:19:2:19:Infinity":12,"f:24:16:24:26":2,"s:25:2:25:Infinity":13,"s:26:2:26:Infinity":14,"s:30:21:30:Infinity":15,"f:32:9:32:33":3,"s:33:2:43:Infinity":16,"f:33:28:33:40":4,"s:37:21:37:Infinity":17,"b:37:21:37:38:37:38:37:55:37:55:37:Infinity":1,"b:38:4:38:Infinity:undefined:undefined:undefined:undefined":2,"s:38:4:38:Infinity":18,"b:38:8:38:21:38:21:38:51":3,"s:38:51:38:Infinity":19,"s:40:4:40:Infinity":20,"s:42:4:42:Infinity":21,"f:42:30:42:39":5,"s:42:52:42:62":22,"s:45:2:47:Infinity":23,"f:45:28:45:38":6,"s:46:4:46:Infinity":24,"s:50:2:50:Infinity":25,"f:50:26:50:40":7,"s:50:40:50:56":26,"s:53:2:53:Infinity":27,"f:53:2:53:32":8},"fnNames":{}}}
,"/home/runner/work/flocking/flocking/src/vector.ts": {"path":"/home/runner/work/flocking/flocking/src/vector.ts","statementMap":{"0":{"start":{"line":7,"column":2},"end":{"line":7,"column":null}},"1":{"start":{"line":11,"column":2},"end":{"line":11,"column":null}},"2":{"start":{"line":15,"column":2},"end":{"line":15,"column":null}},"3":{"start":{"line":19,"column":2},"end":{"line":21,"column":null}},"4":{"start":{"line":20,"column":4},"end":{"line":20,"column":null}},"5":{"start":{"line":23,"column":14},"end":{"line":23,"column":null}},"6":{"start":{"line":24,"column":2},"end":{"line":24,"column":null}},"7":{"start":{"line":24,"column":31},"end":{"line":24,"column":67}},"8":{"start":{"line":28,"column":2},"end":{"line":28,"column":null}},"9":{"start":{"line":32,"column":2},"end":{"line":32,"column":null}},"10":{"start":{"line":36,"column":14},"end":{"line":36,"column":null}},"11":{"start":{"line":37,"column":2},"end":{"line":37,"column":null}},"12":{"start":{"line":41,"column":2},"end":{"line":41,"column":null}},"13":{"start":{"line":41,"column":30},"end":{"line":41,"column":54}},"14":{"start":{"line":45,"column":2},"end":{"line":47,"column":null}},"15":{"start":{"line":46,"column":4},"end":{"line":46,"column":null}},"16":{"start":{"line":46,"column":23},"end":{"line":46,"column":30}},"17":{"start":{"line":46,"column":49},"end":{"line":46,"column":54}},"18":{"start":{"line":51,"column":2},"end":{"line":51,"column":null}},"19":{"start":{"line":51,"column":30},"end":{"line":51,"column":54}},"20":{"start":{"line":55,"column":2},"end":{"line":55,"column":null}},"21":{"start":{"line":55,"column":30},"end":{"line":55,"column":49}},"22":{"start":{"line":63,"column":12},"end":{"line":63,"column":null}},"23":{"start":{"line":64,"column":12},"end":{"line":64,"column":null}},"24":{"start":{"line":66,"column":2},"end":{"line":68,"column":null}},"25":{"start":{"line":67,"column":4},"end":{"line":67,"column":null}},"26":{"start":{"line":72,"column":2},"end":{"line":72,"column":null}}},"fnMap":{"0":{"name":"vector","decl":{"start":{"line":6,"column":16},"end":{"line":6,"column":23}},"loc":{"start":{"line":6,"column":49},"end":{"line":8,"column":null}},"line":6},"1":{"name":"isZero","decl":{"start":{"line":10,"column":16},"end":{"line":10,"column":23}},"loc":{"start":{"line":10,"column":41},"end":{"line":12,"column":null}},"line":10},"2":{"name":"magnitude","decl":{"start":{"line":14,"column":16},"end":{"line":14,"column":26}},"loc":{"start":{"line":14,"column":44},"end":{"line":16,"column":null}},"line":14},"3":{"name":"normalize","decl":{"start":{"line":18,"column":16},"end":{"line":18,"column":26}},"loc":{"start":{"line":18,"column":62},"end":{"line":25,"column":null}},"line":18},"4":{"name":"(anonymous_4)","decl":{"start":{"line":24,"column":9},"end":{"line":24,"column":21}},"loc":{"start":{"line":24,"column":31},"end":{"line":24,"column":67}},"line":24},"5":{"name":"radians","decl":{"start":{"line":27,"column":16},"end":{"line":27,"column":24}},"loc":{"start":{"line":27,"column":42},"end":{"line":29,"column":null}},"line":27},"6":{"name":"getAngle","decl":{"start":{"line":31,"column":16},"end":{"line":31,"column":25}},"loc":{"start":{"line":31,"column":41},"end":{"line":33,"column":null}},"line":31},"7":{"name":"limitVector","decl":{"start":{"line":35,"column":16},"end":{"line":35,"column":28}},"loc":{"start":{"line":35,"column":58},"end":{"line":38,"column":null}},"line":35},"8":{"name":"sumVectors","decl":{"start":{"line":40,"column":16},"end":{"line":40,"column":27}},"loc":{"start":{"line":40,"column":64},"end":{"line":42,"column":null}},"line":40},"9":{"name":"(anonymous_9)","decl":{"start":{"line":41,"column":9},"end":{"line":41,"column":21}},"loc":{"start":{"line":41,"column":30},"end":{"line":41,"column":54}},"line":41},"10":{"name":"sumVectorList","decl":{"start":{"line":44,"column":16},"end":{"line":44,"column":30}},"loc":{"start":{"line":44,"column":57},"end":{"line":48,"column":null}},"line":44},"11":{"name":"(anonymous_11)","decl":{"start":{"line":45,"column":9},"end":{"line":45,"column":21}},"loc":{"start":{"line":46,"column":4},"end":{"line":46,"column":null}},"line":46},"12":{"name":"(anonymous_12)","decl":{"start":{"line":46,"column":12},"end":{"line":46,"column":17}},"loc":{"start":{"line":46,"column":23},"end":{"line":46,"column":30}},"line":46},"13":{"name":"(anonymous_13)","decl":{"start":{"line":46,"column":32},"end":{"line":46,"column":40}},"loc":{"start":{"line":46,"column":49},"end":{"line":46,"column":54}},"line":46},"14":{"name":"subtractVectors","decl":{"start":{"line":50,"column":16},"end":{"line":50,"column":32}},"loc":{"start":{"line":50,"column":61},"end":{"line":52,"column":null}},"line":50},"15":{"name":"(anonymous_15)","decl":{"start":{"line":51,"column":9},"end":{"line":51,"column":21}},"loc":{"start":{"line":51,"column":30},"end":{"line":51,"column":54}},"line":51},"16":{"name":"multiplyVectors","decl":{"start":{"line":54,"column":16},"end":{"line":54,"column":32}},"loc":{"start":{"line":54,"column":62},"end":{"line":56,"column":null}},"line":54},"17":{"name":"(anonymous_17)","decl":{"start":{"line":55,"column":9},"end":{"line":55,"column":21}},"loc":{"start":{"line":55,"column":30},"end":{"line":55,"column":49}},"line":55},"18":{"name":"vectorAxis","decl":{"start":{"line":60,"column":16},"end":{"line":60,"column":null}},"loc":{"start":{"line":62,"column":17},"end":{"line":69,"column":null}},"line":62},"19":{"name":"logVector","decl":{"start":{"line":71,"column":16},"end":{"line":71,"column":26}},"loc":{"start":{"line":71,"column":41},"end":{"line":73,"column":null}},"line":71}},"branchMap":{"0":{"loc":{"start":{"line":6,"column":34},"end":{"line":6,"column":49}},"type":"default-arg","locations":[{"start":{"line":6,"column":38},"end":{"line":6,"column":49}}],"line":6},"1":{"loc":{"start":{"line":11,"column":9},"end":{"line":11,"column":null}},"type":"binary-expr","locations":[{"start":{"line":11,"column":9},"end":{"line":11,"column":20}},{"start":{"line":11,"column":20},"end":{"line":11,"column":null}}],"line":11},"2":{"loc":{"start":{"line":18,"column":41},"end":{"line":18,"column":62}},"type":"default-arg","locations":[{"start":{"line":18,"column":59},"end":{"line":18,"column":62}}],"line":18},"3":{"loc":{"start":{"line":19,"column":2},"end":{"line":21,"column":null}},"type":"if","locations":[{"start":{"line":19,"column":2},"end":{"line":21,"column":null}},{"start":{},"end":{}}],"line":19},"4":{"loc":{"start":{"line":37,"column":9},"end":{"line":37,"column":null}},"type":"cond-expr","locations":[{"start":{"line":37,"column":23},"end":{"line":37,"column":49}},{"start":{"line":37,"column":49},"end":{"line":37,"column":null}}],"line":37},"5":{"loc":{"start":{"line":66,"column":2},"end":{"line":68,"column":null}},"type":"if","locations":[{"start":{"line":66,"column":2},"end":{"line":68,"column":null}},{"start":{},"end":{}}],"line":66},"6":{"loc":{"start":{"line":66,"column":6},"end":{"line":66,"column":54}},"type":"binary-expr","locations":[{"start":{"line":66,"column":6},"end":{"line":66,"column":31}},{"start":{"line":66,"column":31},"end":{"line":66,"column":54}}],"line":66}},"s":{"0":11010,"1":156,"2":243581,"3":108,"4":6,"5":102,"6":102,"7":204,"8":86,"9":76,"10":19,"11":19,"12":68,"13":136,"14":0,"15":0,"16":0,"17":0,"18":243539,"19":487078,"20":142,"21":284,"22":243881,"23":243881,"24":243881,"25":243851,"26":0},"f":{"0":11010,"1":156,"2":243581,"3":108,"4":204,"5":86,"6":76,"7":19,"8":68,"9":136,"10":0,"11":0,"12":0,"13":0,"14":243539,"15":487078,"16":142,"17":284,"18":243881,"19":0},"b":{"0":[11010],"1":[156,47],"2":[108],"3":[6,102],"4":[11,8],"5":[243851,30],"6":[243881,243851]},"meta":{"lastBranch":7,"lastFunction":20,"lastStatement":27,"seen":{"f:6:16:6:23":0,"b:6:38:6:49":0,"s:7:2:7:Infinity":0,"f:10:16:10:23":1,"s:11:2:11:Infinity":1,"b:11:9:11:20:11:20:11:Infinity":1,"f:14:16:14:26":2,"s:15:2:15:Infinity":2,"f:18:16:18:26":3,"b:18:59:18:62":2,"b:19:2:21:Infinity:undefined:undefined:undefined:undefined":3,"s:19:2:21:Infinity":3,"s:20:4:20:Infinity":4,"s:23:14:23:Infinity":5,"s:24:2:24:Infinity":6,"f:24:9:24:21":4,"s:24:31:24:67":7,"f:27:16:27:24":5,"s:28:2:28:Infinity":8,"f:31:16:31:25":6,"s:32:2:32:Infinity":9,"f:35:16:35:28":7,"s:36:14:36:Infinity":10,"s:37:2:37:Infinity":11,"b:37:23:37:49:37:49:37:Infinity":4,"f:40:16:40:27":8,"s:41:2:41:Infinity":12,"f:41:9:41:21":9,"s:41:30:41:54":13,"f:44:16:44:30":10,"s:45:2:47:Infinity":14,"f:45:9:45:21":11,"s:46:4:46:Infinity":15,"f:46:12:46:17":12,"s:46:23:46:30":16,"f:46:32:46:40":13,"s:46:49:46:54":17,"f:50:16:50:32":14,"s:51:2:51:Infinity":18,"f:51:9:51:21":15,"s:51:30:51:54":19,"f:54:16:54:32":16,"s:55:2:55:Infinity":20,"f:55:9:55:21":17,"s:55:30:55:49":21,"f:60:16:60:Infinity":18,"s:63:12:63:Infinity":22,"s:64:12:64:Infinity":23,"b:66:2:68:Infinity:undefined:undefined:undefined:undefined":5,"s:66:2:68:Infinity":24,"b:66:6:66:31:66:31:66:54":6,"s:67:4:67:Infinity":25,"f:71:16:71:26":19,"s:72:2:72:Infinity":26},"fnNames":{}}}
,"/home/runner/work/flocking/flocking/src/behaviors/attractor.ts": {"path":"/home/runner/work/flocking/flocking/src/behaviors/attractor.ts","statementMap":{"0":{"start":{"line":6,"column":2},"end":{"line":6,"column":null}},"1":{"start":{"line":6,"column":25},"end":{"line":6,"column":null}}},"fnMap":{"0":{"name":"attractor","decl":{"start":{"line":5,"column":16},"end":{"line":5,"column":26}},"loc":{"start":{"line":5,"column":54},"end":{"line":7,"column":null}},"line":5},"1":{"name":"(anonymous_1)","decl":{"start":{"line":6,"column":2},"end":{"line":6,"column":10}},"loc":{"start":{"line":6,"column":25},"end":{"line":6,"column":null}},"line":6}},"branchMap":{},"s":{"0":4,"1":4},"f":{"0":4,"1":4},"b":{},"meta":{"lastBranch":0,"lastFunction":2,"lastStatement":2,"seen":{"f:5:16:5:26":0,"s:6:2:6:Infinity":0,"f:6:2:6:10":1,"s:6:25:6:Infinity":1},"fnNames":{}}}
,"/home/runner/work/flocking/flocking/src/behaviors/bounceOnCorners.ts": {"path":"/home/runner/work/flocking/flocking/src/behaviors/bounceOnCorners.ts","statementMap":{"0":{"start":{"line":5,"column":2},"end":{"line":8,"column":null}},"1":{"start":{"line":6,"column":4},"end":{"line":6,"column":null}},"2":{"start":{"line":7,"column":4},"end":{"line":7,"column":null}},"3":{"start":{"line":10,"column":2},"end":{"line":13,"column":null}},"4":{"start":{"line":11,"column":4},"end":{"line":11,"column":null}},"5":{"start":{"line":12,"column":4},"end":{"line":12,"column":null}},"6":{"start":{"line":15,"column":2},"end":{"line":18,"column":null}},"7":{"start":{"line":16,"column":4},"end":{"line":16,"column":null}},"8":{"start":{"line":17,"column":4},"end":{"line":17,"column":null}},"9":{"start":{"line":20,"column":2},"end":{"line":23,"column":null}},"10":{"start":{"line":21,"column":4},"end":{"line":21,"column":null}},"11":{"start":{"line":22,"column":4},"end":{"line":22,"column":null}}},"fnMap":{"0":{"name":"bounceOnCorners","decl":{"start":{"line":4,"column":16},"end":{"line":4,"column":32}},"loc":{"start":{"line":4,"column":61},"end":{"line":24,"column":null}},"line":4}},"branchMap":{"0":{"loc":{"start":{"line":5,"column":2},"end":{"line":8,"column":null}},"type":"if","locations":[{"start":{"line":5,"column":2},"end":{"line":8,"column":null}},{"start":{},"end":{}}],"line":5},"1":{"loc":{"start":{"line":10,"column":2},"end":{"line":13,"column":null}},"type":"if","locations":[{"start":{"line":10,"column":2},"end":{"line":13,"column":null}},{"start":{},"end":{}}],"line":10},"2":{"loc":{"start":{"line":15,"column":2},"end":{"line":18,"column":null}},"type":"if","locations":[{"start":{"line":15,"column":2},"end":{"line":18,"column":null}},{"start":{},"end":{}}],"line":15},"3":{"loc":{"start":{"line":20,"column":2},"end":{"line":23,"column":null}},"type":"if","locations":[{"start":{"line":20,"column":2},"end":{"line":23,"column":null}},{"start":{},"end":{}}],"line":20}},"s":{"0":4,"1":2,"2":2,"3":4,"4":2,"5":2,"6":4,"7":2,"8":2,"9":4,"10":2,"11":2},"f":{"0":4},"b":{"0":[2,2],"1":[2,2],"2":[2,2],"3":[2,2]},"meta":{"lastBranch":4,"lastFunction":1,"lastStatement":12,"seen":{"f:4:16:4:32":0,"b:5:2:8:Infinity:undefined:undefined:undefined:undefined":0,"s:5:2:8:Infinity":0,"s:6:4:6:Infinity":1,"s:7:4:7:Infinity":2,"b:10:2:13:Infinity:undefined:undefined:undefined:undefined":1,"s:10:2:13:Infinity":3,"s:11:4:11:Infinity":4,"s:12:4:12:Infinity":5,"b:15:2:18:Infinity:undefined:undefined:undefined:undefined":2,"s:15:2:18:Infinity":6,"s:16:4:16:Infinity":7,"s:17:4:17:Infinity":8,"b:20:2:23:Infinity:undefined:undefined:undefined:undefined":3,"s:20:2:23:Infinity":9,"s:21:4:21:Infinity":10,"s:22:4:22:Infinity":11},"fnNames":{}}}
,"/home/runner/work/flocking/flocking/src/behaviors/flocking.ts": {"path":"/home/runner/work/flocking/flocking/src/behaviors/flocking.ts","statementMap":{"0":{"start":{"line":20,"column":24},"end":{"line":20,"column":null}},"1":{"start":{"line":21,"column":34},"end":{"line":21,"column":null}},"2":{"start":{"line":22,"column":32},"end":{"line":22,"column":null}},"3":{"start":{"line":23,"column":34},"end":{"line":23,"column":null}},"4":{"start":{"line":26,"column":2},"end":{"line":30,"column":null}},"5":{"start":{"line":34,"column":14},"end":{"line":34,"column":null}},"6":{"start":{"line":34,"column":35},"end":{"line":34,"column":45}},"7":{"start":{"line":35,"column":18},"end":{"line":35,"column":null}},"8":{"start":{"line":36,"column":19},"end":{"line":36,"column":null}},"9":{"start":{"line":37,"column":2},"end":{"line":37,"column":null}},"10":{"start":{"line":41,"column":14},"end":{"line":41,"column":null}},"11":{"start":{"line":41,"column":35},"end":{"line":41,"column":45}},"12":{"start":{"line":42,"column":18},"end":{"line":42,"column":null}},"13":{"start":{"line":43,"column":19},"end":{"line":43,"column":null}},"14":{"start":{"line":44,"column":2},"end":{"line":44,"column":null}},"15":{"start":{"line":48,"column":16},"end":{"line":48,"column":null}},"16":{"start":{"line":49,"column":17},"end":{"line":49,"column":null}},"17":{"start":{"line":49,"column":41},"end":{"line":49,"column":70}},"18":{"start":{"line":51,"column":2},"end":{"line":53,"column":null}},"19":{"start":{"line":52,"column":4},"end":{"line":52,"column":null}},"20":{"start":{"line":55,"column":14},"end":{"line":55,"column":null}},"21":{"start":{"line":55,"column":32},"end":{"line":55,"column":42}},"22":{"start":{"line":56,"column":18},"end":{"line":56,"column":null}},"23":{"start":{"line":57,"column":19},"end":{"line":57,"column":null}},"24":{"start":{"line":58,"column":2},"end":{"line":58,"column":null}},"25":{"start":{"line":64,"column":2},"end":{"line":73,"column":null}},"26":{"start":{"line":65,"column":22},"end":{"line":65,"column":null}},"27":{"start":{"line":67,"column":4},"end":{"line":69,"column":null}},"28":{"start":{"line":68,"column":6},"end":{"line":68,"column":null}},"29":{"start":{"line":71,"column":18},"end":{"line":71,"column":null}},"30":{"start":{"line":72,"column":4},"end":{"line":72,"column":null}}},"fnMap":{"0":{"name":"flockingCore","decl":{"start":{"line":25,"column":9},"end":{"line":25,"column":22}},"loc":{"start":{"line":25,"column":53},"end":{"line":31,"column":null}},"line":25},"1":{"name":"alignement","decl":{"start":{"line":33,"column":9},"end":{"line":33,"column":20}},"loc":{"start":{"line":33,"column":51},"end":{"line":38,"column":null}},"line":33},"2":{"name":"(anonymous_2)","decl":{"start":{"line":34,"column":24},"end":{"line":34,"column":29}},"loc":{"start":{"line":34,"column":35},"end":{"line":34,"column":45}},"line":34},"3":{"name":"cohesion","decl":{"start":{"line":40,"column":9},"end":{"line":40,"column":18}},"loc":{"start":{"line":40,"column":49},"end":{"line":45,"column":null}},"line":40},"4":{"name":"(anonymous_4)","decl":{"start":{"line":41,"column":24},"end":{"line":41,"column":29}},"loc":{"start":{"line":41,"column":35},"end":{"line":41,"column":45}},"line":41},"5":{"name":"separation","decl":{"start":{"line":47,"column":9},"end":{"line":47,"column":20}},"loc":{"start":{"line":47,"column":51},"end":{"line":59,"column":null}},"line":47},"6":{"name":"(anonymous_6)","decl":{"start":{"line":49,"column":27},"end":{"line":49,"column":35}},"loc":{"start":{"line":49,"column":41},"end":{"line":49,"column":70}},"line":49},"7":{"name":"(anonymous_7)","decl":{"start":{"line":55,"column":21},"end":{"line":55,"column":26}},"loc":{"start":{"line":55,"column":32},"end":{"line":55,"column":42}},"line":55},"8":{"name":"requireNeighbors","decl":{"start":{"line":61,"column":9},"end":{"line":61,"column":null}},"loc":{"start":{"line":63,"column":12},"end":{"line":74,"column":null}},"line":63},"9":{"name":"(anonymous_9)","decl":{"start":{"line":64,"column":2},"end":{"line":64,"column":10}},"loc":{"start":{"line":64,"column":42},"end":{"line":73,"column":null}},"line":64}},"branchMap":{"0":{"loc":{"start":{"line":51,"column":2},"end":{"line":53,"column":null}},"type":"if","locations":[{"start":{"line":51,"column":2},"end":{"line":53,"column":null}},{"start":{},"end":{}}],"line":51},"1":{"loc":{"start":{"line":67,"column":4},"end":{"line":69,"column":null}},"type":"if","locations":[{"start":{"line":67,"column":4},"end":{"line":69,"column":null}},{"start":{},"end":{}}],"line":67}},"s":{"0":1,"1":1,"2":1,"3":1,"4":0,"5":12,"6":12,"7":12,"8":12,"9":12,"10":8,"11":8,"12":8,"13":8,"14":8,"15":8,"16":8,"17":8,"18":8,"19":0,"20":8,"21":8,"22":8,"23":8,"24":8,"25":4,"26":28,"27":28,"28":0,"29":28,"30":28},"f":{"0":0,"1":12,"2":12,"3":8,"4":8,"5":8,"6":8,"7":8,"8":4,"9":28},"b":{"0":[0,8],"1":[0,28]},"meta":{"lastBranch":2,"lastFunction":10,"lastStatement":31,"seen":{"s:20:24:20:Infinity":0,"s:21:34:21:Infinity":1,"s:22:32:22:Infinity":2,"s:23:34:23:Infinity":3,"f:25:9:25:22":0,"s:26:2:30:Infinity":4,"f:33:9:33:20":1,"s:34:14:34:Infinity":5,"f:34:24:34:29":2,"s:34:35:34:45":6,"s:35:18:35:Infinity":7,"s:36:19:36:Infinity":8,"s:37:2:37:Infinity":9,"f:40:9:40:18":3,"s:41:14:41:Infinity":10,"f:41:24:41:29":4,"s:41:35:41:45":11,"s:42:18:42:Infinity":12,"s:43:19:43:Infinity":13,"s:44:2:44:Infinity":14,"f:47:9:47:20":5,"s:48:16:48:Infinity":15,"s:49:17:49:Infinity":16,"f:49:27:49:35":6,"s:49:41:49:70":17,"b:51:2:53:Infinity:undefined:undefined:undefined:undefined":0,"s:51:2:53:Infinity":18,"s:52:4:52:Infinity":19,"s:55:14:55:Infinity":20,"f:55:21:55:26":7,"s:55:32:55:42":21,"s:56:18:56:Infinity":22,"s:57:19:57:Infinity":23,"s:58:2:58:Infinity":24,"f:61:9:61:Infinity":8,"s:64:2:73:Infinity":25,"f:64:2:64:10":9,"s:65:22:65:Infinity":26,"b:67:4:69:Infinity:undefined:undefined:undefined:undefined":1,"s:67:4:69:Infinity":27,"s:68:6:68:Infinity":28,"s:71:18:71:Infinity":29,"s:72:4:72:Infinity":30},"fnNames":{}}}
,"/home/runner/work/flocking/flocking/src/behaviors/flocking2.ts": {"path":"/home/runner/work/flocking/flocking/src/behaviors/flocking2.ts","statementMap":{"0":{"start":{"line":23,"column":24},"end":{"line":23,"column":null}},"1":{"start":{"line":24,"column":34},"end":{"line":24,"column":null}},"2":{"start":{"line":25,"column":32},"end":{"line":25,"column":null}},"3":{"start":{"line":26,"column":34},"end":{"line":26,"column":null}},"4":{"start":{"line":29,"column":2},"end":{"line":33,"column":null}},"5":{"start":{"line":37,"column":14},"end":{"line":40,"column":null}},"6":{"start":{"line":38,"column":16},"end":{"line":38,"column":null}},"7":{"start":{"line":42,"column":18},"end":{"line":42,"column":null}},"8":{"start":{"line":43,"column":18},"end":{"line":43,"column":null}},"9":{"start":{"line":44,"column":19},"end":{"line":44,"column":null}},"10":{"start":{"line":45,"column":2},"end":{"line":45,"column":null}},"11":{"start":{"line":49,"column":14},"end":{"line":52,"column":null}},"12":{"start":{"line":50,"column":16},"end":{"line":50,"column":null}},"13":{"start":{"line":54,"column":18},"end":{"line":54,"column":null}},"14":{"start":{"line":55,"column":18},"end":{"line":55,"column":null}},"15":{"start":{"line":56,"column":19},"end":{"line":56,"column":null}},"16":{"start":{"line":57,"column":2},"end":{"line":57,"column":null}},"17":{"start":{"line":61,"column":16},"end":{"line":61,"column":null}},"18":{"start":{"line":62,"column":14},"end":{"line":62,"column":null}},"19":{"start":{"line":64,"column":14},"end":{"line":77,"column":null}},"20":{"start":{"line":65,"column":21},"end":{"line":65,"column":null}},"21":{"start":{"line":66,"column":27},"end":{"line":66,"column":null}},"22":{"start":{"line":68,"column":4},"end":{"line":70,"column":null}},"23":{"start":{"line":69,"column":6},"end":{"line":69,"column":null}},"24":{"start":{"line":72,"column":4},"end":{"line":72,"column":null}},"25":{"start":{"line":73,"column":17},"end":{"line":73,"column":null}},"26":{"start":{"line":74,"column":21},"end":{"line":74,"column":null}},"27":{"start":{"line":75,"column":20},"end":{"line":75,"column":null}},"28":{"start":{"line":76,"column":4},"end":{"line":76,"column":null}},"29":{"start":{"line":79,"column":2},"end":{"line":81,"column":null}},"30":{"start":{"line":80,"column":4},"end":{"line":80,"column":null}},"31":{"start":{"line":83,"column":18},"end":{"line":83,"column":null}},"32":{"start":{"line":84,"column":19},"end":{"line":84,"column":null}},"33":{"start":{"line":85,"column":2},"end":{"line":85,"column":null}},"34":{"start":{"line":91,"column":2},"end":{"line":100,"column":null}},"35":{"start":{"line":92,"column":22},"end":{"line":92,"column":null}},"36":{"start":{"line":94,"column":4},"end":{"line":96,"column":null}},"37":{"start":{"line":95,"column":6},"end":{"line":95,"column":null}},"38":{"start":{"line":98,"column":18},"end":{"line":98,"column":null}},"39":{"start":{"line":99,"column":4},"end":{"line":99,"column":null}}},"fnMap":{"0":{"name":"flockingCore","decl":{"start":{"line":28,"column":9},"end":{"line":28,"column":22}},"loc":{"start":{"line":28,"column":53},"end":{"line":34,"column":null}},"line":28},"1":{"name":"alignement","decl":{"start":{"line":36,"column":9},"end":{"line":36,"column":20}},"loc":{"start":{"line":36,"column":51},"end":{"line":46,"column":null}},"line":36},"2":{"name":"(anonymous_2)","decl":{"start":{"line":37,"column":24},"end":{"line":37,"column":null}},"loc":{"start":{"line":38,"column":16},"end":{"line":38,"column":null}},"line":38},"3":{"name":"cohesion","decl":{"start":{"line":48,"column":9},"end":{"line":48,"column":18}},"loc":{"start":{"line":48,"column":49},"end":{"line":58,"column":null}},"line":48},"4":{"name":"(anonymous_4)","decl":{"start":{"line":49,"column":24},"end":{"line":49,"column":null}},"loc":{"start":{"line":50,"column":16},"end":{"line":50,"column":null}},"line":50},"5":{"name":"separation","decl":{"start":{"line":60,"column":9},"end":{"line":60,"column":20}},"loc":{"start":{"line":60,"column":51},"end":{"line":86,"column":null}},"line":60},"6":{"name":"(anonymous_6)","decl":{"start":{"line":64,"column":24},"end":{"line":64,"column":32}},"loc":{"start":{"line":64,"column":43},"end":{"line":77,"column":5}},"line":64},"7":{"name":"requireNeighbors","decl":{"start":{"line":88,"column":9},"end":{"line":88,"column":null}},"loc":{"start":{"line":90,"column":12},"end":{"line":101,"column":null}},"line":90},"8":{"name":"(anonymous_8)","decl":{"start":{"line":91,"column":2},"end":{"line":91,"column":10}},"loc":{"start":{"line":91,"column":42},"end":{"line":100,"column":null}},"line":91}},"branchMap":{"0":{"loc":{"start":{"line":68,"column":4},"end":{"line":70,"column":null}},"type":"if","locations":[{"start":{"line":68,"column":4},"end":{"line":70,"column":null}},{"start":{},"end":{}}],"line":68},"1":{"loc":{"start":{"line":79,"column":2},"end":{"line":81,"column":null}},"type":"if","locations":[{"start":{"line":79,"column":2},"end":{"line":81,"column":null}},{"start":{},"end":{}}],"line":79},"2":{"loc":{"start":{"line":94,"column":4},"end":{"line":96,"column":null}},"type":"if","locations":[{"start":{"line":94,"column":4},"end":{"line":96,"column":null}},{"start":{},"end":{}}],"line":94}},"s":{"0":1,"1":1,"2":1,"3":1,"4":0,"5":12,"6":12,"7":12,"8":12,"9":12,"10":12,"11":8,"12":8,"13":8,"14":8,"15":8,"16":8,"17":8,"18":8,"19":8,"20":8,"21":8,"22":8,"23":0,"24":8,"25":8,"26":8,"27":8,"28":8,"29":8,"30":0,"31":8,"32":8,"33":8,"34":4,"35":28,"36":28,"37":0,"38":28,"39":28},"f":{"0":0,"1":12,"2":12,"3":8,"4":8,"5":8,"6":8,"7":4,"8":28},"b":{"0":[0,8],"1":[0,8],"2":[0,28]},"meta":{"lastBranch":3,"lastFunction":9,"lastStatement":40,"seen":{"s:23:24:23:Infinity":0,"s:24:34:24:Infinity":1,"s:25:32:25:Infinity":2,"s:26:34:26:Infinity":3,"f:28:9:28:22":0,"s:29:2:33:Infinity":4,"f:36:9:36:20":1,"s:37:14:40:Infinity":5,"f:37:24:37:Infinity":2,"s:38:16:38:Infinity":6,"s:42:18:42:Infinity":7,"s:43:18:43:Infinity":8,"s:44:19:44:Infinity":9,"s:45:2:45:Infinity":10,"f:48:9:48:18":3,"s:49:14:52:Infinity":11,"f:49:24:49:Infinity":4,"s:50:16:50:Infinity":12,"s:54:18:54:Infinity":13,"s:55:18:55:Infinity":14,"s:56:19:56:Infinity":15,"s:57:2:57:Infinity":16,"f:60:9:60:20":5,"s:61:16:61:Infinity":17,"s:62:14:62:Infinity":18,"s:64:14:77:Infinity":19,"f:64:24:64:32":6,"s:65:21:65:Infinity":20,"s:66:27:66:Infinity":21,"b:68:4:70:Infinity:undefined:undefined:undefined:undefined":0,"s:68:4:70:Infinity":22,"s:69:6:69:Infinity":23,"s:72:4:72:Infinity":24,"s:73:17:73:Infinity":25,"s:74:21:74:Infinity":26,"s:75:20:75:Infinity":27,"s:76:4:76:Infinity":28,"b:79:2:81:Infinity:undefined:undefined:undefined:undefined":1,"s:79:2:81:Infinity":29,"s:80:4:80:Infinity":30,"s:83:18:83:Infinity":31,"s:84:19:84:Infinity":32,"s:85:2:85:Infinity":33,"f:88:9:88:Infinity":7,"s:91:2:100:Infinity":34,"f:91:2:91:10":8,"s:92:22:92:Infinity":35,"b:94:4:96:Infinity:undefined:undefined:undefined:undefined":2,"s:94:4:96:Infinity":36,"s:95:6:95:Infinity":37,"s:98:18:98:Infinity":38,"s:99:4:99:Infinity":39},"fnNames":{}}}
,"/home/runner/work/flocking/flocking/src/behaviors/keyboardControl.ts": {"path":"/home/runner/work/flocking/flocking/src/behaviors/keyboardControl.ts","statementMap":{"0":{"start":{"line":14,"column":2},"end":{"line":30,"column":null}},"1":{"start":{"line":15,"column":4},"end":{"line":17,"column":null}},"2":{"start":{"line":16,"column":6},"end":{"line":16,"column":null}},"3":{"start":{"line":19,"column":22},"end":{"line":22,"column":null}},"4":{"start":{"line":24,"column":4},"end":{"line":26,"column":null}},"5":{"start":{"line":25,"column":6},"end":{"line":25,"column":null}},"6":{"start":{"line":29,"column":4},"end":{"line":29,"column":null}},"7":{"start":{"line":34,"column":2},"end":{"line":34,"column":null}}},"fnMap":{"0":{"name":"keyboardControl","decl":{"start":{"line":10,"column":16},"end":{"line":10,"column":null}},"loc":{"start":{"line":13,"column":12},"end":{"line":31,"column":null}},"line":13},"1":{"name":"(anonymous_1)","decl":{"start":{"line":14,"column":2},"end":{"line":14,"column":10}},"loc":{"start":{"line":14,"column":25},"end":{"line":30,"column":null}},"line":14},"2":{"name":"axis","decl":{"start":{"line":33,"column":9},"end":{"line":33,"column":14}},"loc":{"start":{"line":33,"column":60},"end":{"line":35,"column":null}},"line":33}},"branchMap":{"0":{"loc":{"start":{"line":12,"column":2},"end":{"line":12,"column":null}},"type":"default-arg","locations":[{"start":{"line":12,"column":42},"end":{"line":12,"column":null}}],"line":12},"1":{"loc":{"start":{"line":15,"column":4},"end":{"line":17,"column":null}},"type":"if","locations":[{"start":{"line":15,"column":4},"end":{"line":17,"column":null}},{"start":{},"end":{}}],"line":15},"2":{"loc":{"start":{"line":24,"column":4},"end":{"line":26,"column":null}},"type":"if","locations":[{"start":{"line":24,"column":4},"end":{"line":26,"column":null}},{"start":{},"end":{}}],"line":24},"3":{"loc":{"start":{"line":34,"column":10},"end":{"line":34,"column":31}},"type":"cond-expr","locations":[{"start":{"line":34,"column":21},"end":{"line":34,"column":25}},{"start":{"line":34,"column":25},"end":{"line":34,"column":31}}],"line":34},"4":{"loc":{"start":{"line":34,"column":31},"end":{"line":34,"column":null}},"type":"cond-expr","locations":[{"start":{"line":34,"column":42},"end":{"line":34,"column":46}},{"start":{"line":34,"column":46},"end":{"line":34,"column":null}}],"line":34}},"s":{"0":9,"1":18,"2":10,"3":8,"4":8,"5":1,"6":7,"7":16},"f":{"0":9,"1":18,"2":16},"b":{"0":[9],"1":[10,8],"2":[1,7],"3":[7,9],"4":[3,13]},"meta":{"lastBranch":5,"lastFunction":3,"lastStatement":8,"seen":{"f:10:16:10:Infinity":0,"b:12:42:12:Infinity":0,"s:14:2:30:Infinity":0,"f:14:2:14:10":1,"b:15:4:17:Infinity:undefined:undefined:undefined:undefined":1,"s:15:4:17:Infinity":1,"s:16:6:16:Infinity":2,"s:19:22:22:Infinity":3,"b:24:4:26:Infinity:undefined:undefined:undefined:undefined":2,"s:24:4:26:Infinity":4,"s:25:6:25:Infinity":5,"s:29:4:29:Infinity":6,"f:33:9:33:14":2,"s:34:2:34:Infinity":7,"b:34:21:34:25:34:25:34:31":3,"b:34:42:34:46:34:46:34:Infinity":4},"fnNames":{}}}
,"/home/runner/work/flocking/flocking/src/behaviors/move.ts": {"path":"/home/runner/work/flocking/flocking/src/behaviors/move.ts","statementMap":{"0":{"start":{"line":6,"column":2},"end":{"line":12,"column":null}},"1":{"start":{"line":7,"column":16},"end":{"line":7,"column":null}},"2":{"start":{"line":8,"column":16},"end":{"line":8,"column":null}},"3":{"start":{"line":10,"column":4},"end":{"line":10,"column":null}},"4":{"start":{"line":11,"column":4},"end":{"line":11,"column":null}},"5":{"start":{"line":14,"column":2},"end":{"line":14,"column":null}},"6":{"start":{"line":15,"column":2},"end":{"line":15,"column":null}}},"fnMap":{"0":{"name":"move","decl":{"start":{"line":5,"column":16},"end":{"line":5,"column":21}},"loc":{"start":{"line":5,"column":33},"end":{"line":16,"column":null}},"line":5}},"branchMap":{"0":{"loc":{"start":{"line":6,"column":2},"end":{"line":12,"column":null}},"type":"if","locations":[{"start":{"line":6,"column":2},"end":{"line":12,"column":null}},{"start":{},"end":{}}],"line":6}},"s":{"0":16,"1":4,"2":4,"3":4,"4":4,"5":16,"6":16},"f":{"0":16},"b":{"0":[4,12]},"meta":{"lastBranch":1,"lastFunction":1,"lastStatement":7,"seen":{"f:5:16:5:21":0,"b:6:2:12:Infinity:undefined:undefined:undefined:undefined":0,"s:6:2:12:Infinity":0,"s:7:16:7:Infinity":1,"s:8:16:8:Infinity":2,"s:10:4:10:Infinity":3,"s:11:4:11:Infinity":4,"s:14:2:14:Infinity":5,"s:15:2:15:Infinity":6},"fnNames":{}}}
,"/home/runner/work/flocking/flocking/src/behaviors/roundMap.ts": {"path":"/home/runner/work/flocking/flocking/src/behaviors/roundMap.ts","statementMap":{"0":{"start":{"line":5,"column":2},"end":{"line":7,"column":null}},"1":{"start":{"line":6,"column":4},"end":{"line":6,"column":null}},"2":{"start":{"line":9,"column":2},"end":{"line":11,"column":null}},"3":{"start":{"line":10,"column":4},"end":{"line":10,"column":null}},"4":{"start":{"line":13,"column":2},"end":{"line":15,"column":null}},"5":{"start":{"line":14,"column":4},"end":{"line":14,"column":null}},"6":{"start":{"line":17,"column":2},"end":{"line":19,"column":null}},"7":{"start":{"line":18,"column":4},"end":{"line":18,"column":null}}},"fnMap":{"0":{"name":"roundMap","decl":{"start":{"line":4,"column":16},"end":{"line":4,"column":25}},"loc":{"start":{"line":4,"column":54},"end":{"line":20,"column":null}},"line":4}},"branchMap":{"0":{"loc":{"start":{"line":5,"column":2},"end":{"line":7,"column":null}},"type":"if","locations":[{"start":{"line":5,"column":2},"end":{"line":7,"column":null}},{"start":{},"end":{}}],"line":5},"1":{"loc":{"start":{"line":9,"column":2},"end":{"line":11,"column":null}},"type":"if","locations":[{"start":{"line":9,"column":2},"end":{"line":11,"column":null}},{"start":{},"end":{}}],"line":9},"2":{"loc":{"start":{"line":13,"column":2},"end":{"line":15,"column":null}},"type":"if","locations":[{"start":{"line":13,"column":2},"end":{"line":15,"column":null}},{"start":{},"end":{}}],"line":13},"3":{"loc":{"start":{"line":17,"column":2},"end":{"line":19,"column":null}},"type":"if","locations":[{"start":{"line":17,"column":2},"end":{"line":19,"column":null}},{"start":{},"end":{}}],"line":17}},"s":{"0":6,"1":2,"2":6,"3":2,"4":6,"5":2,"6":6,"7":2},"f":{"0":6},"b":{"0":[2,4],"1":[2,4],"2":[2,4],"3":[2,4]},"meta":{"lastBranch":4,"lastFunction":1,"lastStatement":8,"seen":{"f:4:16:4:25":0,"b:5:2:7:Infinity:undefined:undefined:undefined:undefined":0,"s:5:2:7:Infinity":0,"s:6:4:6:Infinity":1,"b:9:2:11:Infinity:undefined:undefined:undefined:undefined":1,"s:9:2:11:Infinity":2,"s:10:4:10:Infinity":3,"b:13:2:15:Infinity:undefined:undefined:undefined:undefined":2,"s:13:2:15:Infinity":4,"s:14:4:14:Infinity":5,"b:17:2:19:Infinity:undefined:undefined:undefined:undefined":3,"s:17:2:19:Infinity":6,"s:18:4:18:Infinity":7},"fnNames":{}}}
,"/home/runner/work/flocking/flocking/src/behaviors/solidBody.ts": {"path":"/home/runner/work/flocking/flocking/src/behaviors/solidBody.ts","statementMap":{"0":{"start":{"line":11,"column":20},"end":{"line":11,"column":null}},"1":{"start":{"line":13,"column":2},"end":{"line":21,"column":null}},"2":{"start":{"line":13,"column":15},"end":{"line":13,"column":18}},"3":{"start":{"line":14,"column":18},"end":{"line":14,"column":null}},"4":{"start":{"line":15,"column":24},"end":{"line":15,"column":null}},"5":{"start":{"line":16,"column":21},"end":{"line":16,"column":null}},"6":{"start":{"line":18,"column":4},"end":{"line":20,"column":null}},"7":{"start":{"line":19,"column":6},"end":{"line":19,"column":null}},"8":{"start":{"line":25,"column":21},"end":{"line":31,"column":null}},"9":{"start":{"line":33,"column":2},"end":{"line":33,"column":null}},"10":{"start":{"line":34,"column":2},"end":{"line":34,"column":null}},"11":{"start":{"line":39,"column":2},"end":{"line":39,"column":null}}},"fnMap":{"0":{"name":"solidBody","decl":{"start":{"line":10,"column":16},"end":{"line":10,"column":26}},"loc":{"start":{"line":10,"column":55},"end":{"line":22,"column":null}},"line":10},"1":{"name":"separate","decl":{"start":{"line":24,"column":9},"end":{"line":24,"column":18}},"loc":{"start":{"line":24,"column":63},"end":{"line":40,"column":null}},"line":24}},"branchMap":{"0":{"loc":{"start":{"line":18,"column":4},"end":{"line":20,"column":null}},"type":"if","locations":[{"start":{"line":18,"column":4},"end":{"line":20,"column":null}},{"start":{},"end":{}}],"line":18}},"s":{"0":22,"1":22,"2":22,"3":22,"4":22,"5":22,"6":22,"7":22,"8":22,"9":22,"10":22,"11":22},"f":{"0":22,"1":22},"b":{"0":[22,0]},"meta":{"lastBranch":1,"lastFunction":2,"lastStatement":12,"seen":{"f:10:16:10:26":0,"s:11:20:11:Infinity":0,"s:13:2:21:Infinity":1,"s:13:15:13:18":2,"s:14:18:14:Infinity":3,"s:15:24:15:Infinity":4,"s:16:21:16:Infinity":5,"b:18:4:20:Infinity:undefined:undefined:undefined:undefined":0,"s:18:4:20:Infinity":6,"s:19:6:19:Infinity":7,"f:24:9:24:18":1,"s:25:21:31:Infinity":8,"s:33:2:33:Infinity":9,"s:34:2:34:Infinity":10,"s:39:2:39:Infinity":11},"fnNames":{}}}
,"/home/runner/work/flocking/flocking/test/assert.ts": {"path":"/home/runner/work/flocking/flocking/test/assert.ts","statementMap":{"0":{"start":{"line":6,"column":4},"end":{"line":6,"column":null}},"1":{"start":{"line":7,"column":4},"end":{"line":7,"column":null}},"2":{"start":{"line":12,"column":2},"end":{"line":12,"column":null}},"3":{"start":{"line":12,"column":14},"end":{"line":12,"column":null}},"4":{"start":{"line":16,"column":2},"end":{"line":16,"column":null}},"5":{"start":{"line":21,"column":2},"end":{"line":21,"column":null}},"6":{"start":{"line":25,"column":2},"end":{"line":25,"column":null}},"7":{"start":{"line":34,"column":2},"end":{"line":37,"column":null}},"8":{"start":{"line":41,"column":2},"end":{"line":41,"column":null}},"9":{"start":{"line":41,"column":23},"end":{"line":41,"column":null}},"10":{"start":{"line":42,"column":2},"end":{"line":42,"column":null}},"11":{"start":{"line":42,"column":66},"end":{"line":42,"column":null}},"12":{"start":{"line":43,"column":2},"end":{"line":43,"column":null}},"13":{"start":{"line":43,"column":45},"end":{"line":43,"column":null}},"14":{"start":{"line":45,"column":15},"end":{"line":45,"column":null}},"15":{"start":{"line":46,"column":2},"end":{"line":46,"column":null}},"16":{"start":{"line":46,"column":45},"end":{"line":46,"column":null}},"17":{"start":{"line":48,"column":2},"end":{"line":50,"column":null}},"18":{"start":{"line":49,"column":4},"end":{"line":49,"column":null}},"19":{"start":{"line":53,"column":0},"end":{"line":53,"column":null}},"20":{"start":{"line":54,"column":0},"end":{"line":54,"column":null}},"21":{"start":{"line":55,"column":0},"end":{"line":55,"column":null}},"22":{"start":{"line":56,"column":0},"end":{"line":56,"column":null}},"23":{"start":{"line":57,"column":0},"end":{"line":57,"column":null}}},"fnMap":{"0":{"name":"constructor","decl":{"start":{"line":5,"column":2},"end":{"line":5,"column":14}},"loc":{"start":{"line":5,"column":32},"end":{"line":8,"column":null}},"line":5},"1":{"name":"assert","decl":{"start":{"line":11,"column":9},"end":{"line":11,"column":16}},"loc":{"start":{"line":11,"column":65},"end":{"line":13,"column":null}},"line":11},"2":{"name":"ok","decl":{"start":{"line":15,"column":16},"end":{"line":15,"column":19}},"loc":{"start":{"line":15,"column":68},"end":{"line":17,"column":null}},"line":15},"3":{"name":"equal","decl":{"start":{"line":20,"column":16},"end":{"line":20,"column":22}},"loc":{"start":{"line":20,"column":76},"end":{"line":22,"column":null}},"line":20},"4":{"name":"notEqual","decl":{"start":{"line":24,"column":16},"end":{"line":24,"column":25}},"loc":{"start":{"line":24,"column":79},"end":{"line":26,"column":null}},"line":24},"5":{"name":"deepStrictEqual","decl":{"start":{"line":29,"column":16},"end":{"line":29,"column":null}},"loc":{"start":{"line":33,"column":2},"end":{"line":38,"column":null}},"line":33},"6":{"name":"isDeepEqual","decl":{"start":{"line":40,"column":9},"end":{"line":40,"column":21}},"loc":{"start":{"line":40,"column":54},"end":{"line":51,"column":null}},"line":40},"7":{"name":"(anonymous_7)","decl":{"start":{"line":48,"column":14},"end":{"line":48,"column":21}},"loc":{"start":{"line":49,"column":4},"end":{"line":49,"column":null}},"line":49}},"branchMap":{"0":{"loc":{"start":{"line":6,"column":10},"end":{"line":6,"column":39}},"type":"binary-expr","locations":[{"start":{"line":6,"column":10},"end":{"line":6,"column":21}},{"start":{"line":6,"column":21},"end":{"line":6,"column":39}}],"line":6},"1":{"loc":{"start":{"line":12,"column":2},"end":{"line":12,"column":null}},"type":"if","locations":[{"start":{"line":12,"column":2},"end":{"line":12,"column":null}},{"start":{},"end":{}}],"line":12},"2":{"loc":{"start":{"line":21,"column":29},"end":{"line":21,"column":66}},"type":"binary-expr","locations":[{"start":{"line":21,"column":29},"end":{"line":21,"column":40}},{"start":{"line":21,"column":40},"end":{"line":21,"column":66}}],"line":21},"3":{"loc":{"start":{"line":25,"column":29},"end":{"line":25,"column":66}},"type":"binary-expr","locations":[{"start":{"line":25,"column":29},"end":{"line":25,"column":40}},{"start":{"line":25,"column":40},"end":{"line":25,"column":66}}],"line":25},"4":{"loc":{"start":{"line":36,"column":4},"end":{"line":36,"column":null}},"type":"binary-expr","locations":[{"start":{"line":36,"column":4},"end":{"line":36,"column":15}},{"start":{"line":36,"column":15},"end":{"line":36,"column":null}}],"line":36},"5":{"loc":{"start":{"line":41,"column":2},"end":{"line":41,"column":null}},"type":"if","locations":[{"start":{"line":41,"column":2},"end":{"line":41,"column":null}},{"start":{},"end":{}}],"line":41},"6":{"loc":{"start":{"line":42,"column":2},"end":{"line":42,"column":null}},"type":"if","locations":[{"start":{"line":42,"column":2},"end":{"line":42,"column":null}},{"start":{},"end":{}}],"line":42},"7":{"loc":{"start":{"line":42,"column":6},"end":{"line":42,"column":66}},"type":"binary-expr","locations":[{"start":{"line":42,"column":6},"end":{"line":42,"column":31}},{"start":{"line":42,"column":31},"end":{"line":42,"column":56}},{"start":{"line":42,"column":56},"end":{"line":42,"column":62}},{"start":{"line":42,"column":62},"end":{"line":42,"column":66}}],"line":42},"8":{"loc":{"start":{"line":43,"column":2},"end":{"line":43,"column":null}},"type":"if","locations":[{"start":{"line":43,"column":2},"end":{"line":43,"column":null}},{"start":{},"end":{}}],"line":43},"9":{"loc":{"start":{"line":46,"column":2},"end":{"line":46,"column":null}},"type":"if","locations":[{"start":{"line":46,"column":2},"end":{"line":46,"column":null}},{"start":{},"end":{}}],"line":46}},"s":{"0":0,"1":0,"2":2662,"3":0,"4":60,"5":2506,"6":8,"7":10,"8":42,"9":26,"10":16,"11":0,"12":16,"13":0,"14":16,"15":16,"16":0,"17":16,"18":32,"19":11,"20":11,"21":11,"22":11,"23":11},"f":{"0":0,"1":2662,"2":60,"3":2506,"4":8,"5":10,"6":42,"7":32},"b":{"0":[0,0],"1":[0,2662],"2":[2506,55],"3":[8,8],"4":[10,10],"5":[26,16],"6":[0,16],"7":[16,16,16,16],"8":[0,16],"9":[0,16]},"meta":{"lastBranch":10,"lastFunction":8,"lastStatement":24,"seen":{"f:5:2:5:14":0,"s:6:4:6:Infinity":0,"b:6:10:6:21:6:21:6:39":0,"s:7:4:7:Infinity":1,"f:11:9:11:16":1,"b:12:2:12:Infinity:undefined:undefined:undefined:undefined":1,"s:12:2:12:Infinity":2,"s:12:14:12:Infinity":3,"f:15:16:15:19":2,"s:16:2:16:Infinity":4,"f:20:16:20:22":3,"s:21:2:21:Infinity":5,"b:21:29:21:40:21:40:21:66":2,"f:24:16:24:25":4,"s:25:2:25:Infinity":6,"b:25:29:25:40:25:40:25:66":3,"f:29:16:29:Infinity":5,"s:34:2:37:Infinity":7,"b:36:4:36:15:36:15:36:Infinity":4,"f:40:9:40:21":6,"b:41:2:41:Infinity:undefined:undefined:undefined:undefined":5,"s:41:2:41:Infinity":8,"s:41:23:41:Infinity":9,"b:42:2:42:Infinity:undefined:undefined:undefined:undefined":6,"s:42:2:42:Infinity":10,"b:42:6:42:31:42:31:42:56:42:56:42:62:42:62:42:66":7,"s:42:66:42:Infinity":11,"b:43:2:43:Infinity:undefined:undefined:undefined:undefined":8,"s:43:2:43:Infinity":12,"s:43:45:43:Infinity":13,"s:45:15:45:Infinity":14,"b:46:2:46:Infinity:undefined:undefined:undefined:undefined":9,"s:46:2:46:Infinity":15,"s:46:45:46:Infinity":16,"s:48:2:50:Infinity":17,"f:48:14:48:21":7,"s:49:4:49:Infinity":18,"s:53:0:53:Infinity":19,"s:54:0:54:Infinity":20,"s:55:0:55:Infinity":21,"s:56:0:56:Infinity":22,"s:57:0:57:Infinity":23},"fnNames":{}}}
,"/home/runner/work/flocking/flocking/test/assertions.ts": {"path":"/home/runner/work/flocking/flocking/test/assertions.ts","statementMap":{"0":{"start":{"line":10,"column":14},"end":{"line":10,"column":null}},"1":{"start":{"line":11,"column":14},"end":{"line":11,"column":null}},"2":{"start":{"line":12,"column":23},"end":{"line":12,"column":null}},"3":{"start":{"line":14,"column":2},"end":{"line":17,"column":null}},"4":{"start":{"line":15,"column":4},"end":{"line":15,"column":null}},"5":{"start":{"line":16,"column":4},"end":{"line":16,"column":null}},"6":{"start":{"line":19,"column":2},"end":{"line":19,"column":null}},"7":{"start":{"line":20,"column":2},"end":{"line":20,"column":null}}},"fnMap":{"0":{"name":"assertBetweenOrEqual","decl":{"start":{"line":4,"column":16},"end":{"line":4,"column":null}},"loc":{"start":{"line":9,"column":2},"end":{"line":21,"column":null}},"line":9}},"branchMap":{"0":{"loc":{"start":{"line":8,"column":2},"end":{"line":8,"column":null}},"type":"default-arg","locations":[{"start":{"line":8,"column":12},"end":{"line":8,"column":null}}],"line":8},"1":{"loc":{"start":{"line":14,"column":2},"end":{"line":17,"column":null}},"type":"if","locations":[{"start":{"line":14,"column":2},"end":{"line":17,"column":null}},{"start":{},"end":{}}],"line":14}},"s":{"0":32,"1":32,"2":32,"3":32,"4":0,"5":0,"6":32,"7":32},"f":{"0":32},"b":{"0":[32],"1":[0,32]},"meta":{"lastBranch":2,"lastFunction":1,"lastStatement":8,"seen":{"f:4:16:4:Infinity":0,"b:8:12:8:Infinity":0,"s:10:14:10:Infinity":0,"s:11:14:11:Infinity":1,"s:12:23:12:Infinity":2,"b:14:2:17:Infinity:undefined:undefined:undefined:undefined":1,"s:14:2:17:Infinity":3,"s:15:4:15:Infinity":4,"s:16:4:16:Infinity":5,"s:19:2:19:Infinity":6,"s:20:2:20:Infinity":7},"fnNames":{}}}
,"/home/runner/work/flocking/flocking/test/index.ts": {"path":"/home/runner/work/flocking/flocking/test/index.ts","statementMap":{"0":{"start":{"line":7,"column":29},"end":{"line":7,"column":null}},"1":{"start":{"line":20,"column":22},"end":{"line":20,"column":null}},"2":{"start":{"line":24,"column":16},"end":{"line":24,"column":null}},"3":{"start":{"line":25,"column":15},"end":{"line":25,"column":null}},"4":{"start":{"line":27,"column":2},"end":{"line":33,"column":null}},"5":{"start":{"line":28,"column":4},"end":{"line":30,"column":null}},"6":{"start":{"line":29,"column":6},"end":{"line":29,"column":null}},"7":{"start":{"line":29,"column":44},"end":{"line":29,"column":55}},"8":{"start":{"line":32,"column":4},"end":{"line":32,"column":null}}},"fnMap":{"0":{"name":"test","decl":{"start":{"line":15,"column":16},"end":{"line":15,"column":null}},"loc":{"start":{"line":19,"column":8},"end":{"line":34,"column":null}},"line":19},"1":{"name":"(anonymous_1)","decl":{"start":{"line":28,"column":10},"end":{"line":28,"column":19}},"loc":{"start":{"line":29,"column":6},"end":{"line":29,"column":null}},"line":29},"2":{"name":"(anonymous_2)","decl":{"start":{"line":29,"column":34},"end":{"line":29,"column":44}},"loc":{"start":{"line":29,"column":44},"end":{"line":29,"column":55}},"line":29},"3":{"name":"setFilename","decl":{"start":{"line":37,"column":16},"end":{"line":37,"column":28}},"loc":{"start":{"line":37,"column":71},"end":{"line":37,"column":null}},"line":37}},"branchMap":{"0":{"loc":{"start":{"line":24,"column":16},"end":{"line":24,"column":null}},"type":"cond-expr","locations":[{"start":{"line":24,"column":39},"end":{"line":24,"column":47}},{"start":{"line":24,"column":47},"end":{"line":24,"column":null}}],"line":24},"1":{"loc":{"start":{"line":25,"column":15},"end":{"line":25,"column":null}},"type":"cond-expr","locations":[{"start":{"line":25,"column":23},"end":{"line":25,"column":32}},{"start":{"line":25,"column":32},"end":{"line":25,"column":null}}],"line":25},"2":{"loc":{"start":{"line":27,"column":2},"end":{"line":33,"column":null}},"type":"if","locations":[{"start":{"line":27,"column":2},"end":{"line":33,"column":null}},{"start":{"line":31,"column":9},"end":{"line":33,"column":null}}],"line":27}},"s":{"0":12,"1":45,"2":45,"3":45,"4":45,"5":13,"6":55,"7":55,"8":32},"f":{"0":45,"1":55,"2":55,"3":12},"b":{"0":[13,32],"1":[13,32],"2":[13,32]},"meta":{"lastBranch":3,"lastFunction":4,"lastStatement":9,"seen":{"s:7:29:7:Infinity":0,"f:15:16:15:Infinity":0,"s:20:22:20:Infinity":1,"s:24:16:24:Infinity":2,"b:24:39:24:47:24:47:24:Infinity":0,"s:25:15:25:Infinity":3,"b:25:23:25:32:25:32:25:Infinity":1,"b:27:2:33:Infinity:31:9:33:Infinity":2,"s:27:2:33:Infinity":4,"s:28:4:30:Infinity":5,"f:28:10:28:19":1,"s:29:6:29:Infinity":6,"f:29:34:29:44":2,"s:29:44:29:55":7,"s:32:4:32:Infinity":8,"f:37:16:37:28":3},"fnNames":{}}}
,"/home/runner/work/flocking/flocking/test/test-duplicates.ts": {"path":"/home/runner/work/flocking/flocking/test/test-duplicates.ts","statementMap":{"0":{"start":{"line":5,"column":2},"end":{"line":11,"column":null}}},"fnMap":{"0":{"name":"createTestSimulation","decl":{"start":{"line":4,"column":16},"end":{"line":4,"column":37}},"loc":{"start":{"line":4,"column":77},"end":{"line":12,"column":null}},"line":4}},"branchMap":{"0":{"loc":{"start":{"line":4,"column":37},"end":{"line":4,"column":77}},"type":"default-arg","locations":[{"start":{"line":4,"column":73},"end":{"line":4,"column":77}}],"line":4}},"s":{"0":108},"f":{"0":108},"b":{"0":[108]},"meta":{"lastBranch":1,"lastFunction":1,"lastStatement":1,"seen":{"f:4:16:4:37":0,"b:4:73:4:77":0,"s:5:2:11:Infinity":0},"fnNames":{}}}
}
